"../../../Engine/Content/EngineResources/DefaultTexture.ubulk" 0
"../../../Engine/Content/EngineResources/DefaultTexture.uasset" 1
"../../../Engine/Content/EngineResources/DefaultTexture.uexp" 2
"../../../Engine/Content/EngineResources/DefaultTextureCube.uasset" 3
"../../../Engine/Content/EngineResources/DefaultTextureCube.uexp" 4
"../../../Engine/Content/EngineResources/DefaultVolumeTexture2D.uasset" 5
"../../../Engine/Content/EngineResources/DefaultVolumeTexture2D.uexp" 6
"../../../Engine/Content/EngineResources/DefaultVolumeTexture.uasset" 7
"../../../Engine/Content/EngineResources/DefaultVolumeTexture.uexp" 8
"../../../Engine/Content/EngineMeshes/Sphere.ubulk" 9
"../../../Engine/Content/EngineMeshes/Sphere.uasset" 10
"../../../Engine/Content/EngineMeshes/Sphere.uexp" 11
"../../../Engine/Content/EngineResources/GradientTexture0.uasset" 12
"../../../Engine/Content/EngineResources/GradientTexture0.uexp" 13
"../../../Engine/Content/EngineResources/Black.uasset" 14
"../../../Engine/Content/EngineResources/Black.uexp" 15
"../../../Engine/Content/EngineMaterials/T_Default_Material_Grid_M.ubulk" 16
"../../../Engine/Content/EngineMaterials/T_Default_Material_Grid_M.uasset" 17
"../../../Engine/Content/EngineMaterials/T_Default_Material_Grid_M.uexp" 18
"../../../Engine/Content/EngineMaterials/T_Default_Material_Grid_N.ubulk" 19
"../../../Engine/Content/EngineMaterials/T_Default_Material_Grid_N.uasset" 20
"../../../Engine/Content/EngineMaterials/T_Default_Material_Grid_N.uexp" 21
"../../../Engine/Content/Functions/Engine_MaterialFunctions01/Opacity/CameraDepthFade.uasset" 22
"../../../Engine/Content/Functions/Engine_MaterialFunctions01/Opacity/CameraDepthFade.uexp" 23
"../../../Engine/Content/EngineMaterials/WorldGridMaterial.uasset" 24
"../../../Engine/Content/EngineMaterials/WorldGridMaterial.uexp" 25
"../../../Engine/Content/ArtTools/RenderToTexture/Meshes/S_1_Unit_Plane.ubulk" 26
"../../../Engine/Content/ArtTools/RenderToTexture/Meshes/S_1_Unit_Plane.uasset" 27
"../../../Engine/Content/ArtTools/RenderToTexture/Meshes/S_1_Unit_Plane.uexp" 28
"../../../Engine/Plugins/Media/MediaPlate/Content/SM_MediaPlateScreen.ubulk" 29
"../../../Engine/Plugins/Media/MediaPlate/Content/SM_MediaPlateScreen.uasset" 30
"../../../Engine/Plugins/Media/MediaPlate/Content/SM_MediaPlateScreen.uexp" 31
"../../../Engine/Content/EngineMaterials/DefaultBokeh.uasset" 32
"../../../Engine/Content/EngineMaterials/DefaultBokeh.uexp" 33
"../../../Engine/Content/EngineMaterials/MiniFont.uasset" 34
"../../../Engine/Content/EngineMaterials/MiniFont.uexp" 35
"../../../Engine/Content/EngineMaterials/WeightMapPlaceholderTexture.uasset" 36
"../../../Engine/Content/EngineMaterials/WeightMapPlaceholderTexture.uexp" 37
"../../../Engine/Content/EngineMaterials/WeightMapArrayPlaceholderTexture.uasset" 38
"../../../Engine/Content/EngineMaterials/WeightMapArrayPlaceholderTexture.uexp" 39
"../../../Engine/Content/EngineMaterials/DefaultWhiteGrid.ubulk" 40
"../../../Engine/Content/EngineMaterials/DefaultWhiteGrid.uasset" 41
"../../../Engine/Content/EngineMaterials/DefaultWhiteGrid.uexp" 42
"../../../Engine/Content/EngineMaterials/PreintegratedSkinBRDF.uasset" 43
"../../../Engine/Content/EngineMaterials/PreintegratedSkinBRDF.uexp" 44
"../../../Engine/Content/Functions/Engine_MaterialFunctions02/WorldPositionOffset/CameraOffset.uasset" 45
"../../../Engine/Content/Functions/Engine_MaterialFunctions02/WorldPositionOffset/CameraOffset.uexp" 46
"../../../Engine/Plugins/Animation/ControlRig/Content/M_Manip.uasset" 47
"../../../Engine/Plugins/Animation/ControlRig/Content/M_Manip.uexp" 48
"../../../Engine/Plugins/Animation/ACLPlugin/Content/ACLAnimCurveCompressionSettings.uasset" 49
"../../../Engine/Plugins/Animation/ACLPlugin/Content/ACLAnimCurveCompressionSettings.uexp" 50
"../../../Engine/Plugins/Animation/ACLPlugin/Content/ACLAnimBoneCompressionSettings.uasset" 51
"../../../Engine/Plugins/Animation/ACLPlugin/Content/ACLAnimBoneCompressionSettings.uexp" 52
"../../../Engine/Plugins/2D/Paper2D/Content/PlaceholderTextures/DummySpriteTexture.ubulk" 53
"../../../Engine/Plugins/2D/Paper2D/Content/PlaceholderTextures/DummySpriteTexture.uasset" 54
"../../../Engine/Plugins/2D/Paper2D/Content/PlaceholderTextures/DummySpriteTexture.uexp" 55
"../../../Engine/Plugins/2D/Paper2D/Content/DefaultSpriteMaterial.uasset" 56
"../../../Engine/Plugins/2D/Paper2D/Content/DefaultSpriteMaterial.uexp" 57
"../../../Engine/Plugins/2D/Paper2D/Content/OpaqueUnlitSpriteMaterial.uasset" 58
"../../../Engine/Plugins/2D/Paper2D/Content/OpaqueUnlitSpriteMaterial.uexp" 59
"../../../Engine/Plugins/2D/Paper2D/Content/MaskedUnlitSpriteMaterial.uasset" 60
"../../../Engine/Plugins/2D/Paper2D/Content/MaskedUnlitSpriteMaterial.uexp" 61
"../../../Engine/Plugins/2D/Paper2D/Content/DummySprite.uasset" 62
"../../../Engine/Plugins/2D/Paper2D/Content/DummySprite.uexp" 63
"../../../Engine/Plugins/2D/Paper2D/Content/DefaultPaperTerrainMaterial.uasset" 64
"../../../Engine/Plugins/2D/Paper2D/Content/DefaultPaperTerrainMaterial.uexp" 65
"../../../Engine/Content/EngineSounds/Master.uasset" 66
"../../../Engine/Content/EngineSounds/Master.uexp" 67
"../../../Engine/Content/EngineResources/WhiteSquareTexture.uasset" 68
"../../../Engine/Content/EngineResources/WhiteSquareTexture.uexp" 69
"../../../Engine/Content/EngineMaterials/Widget3DPassThrough.uasset" 70
"../../../Engine/Content/EngineMaterials/Widget3DPassThrough.uexp" 71
"../../../Engine/Content/EngineMaterials/Widget3DPassThrough_Translucent.uasset" 72
"../../../Engine/Content/EngineMaterials/Widget3DPassThrough_Translucent.uexp" 73
"../../../Engine/Content/EngineMaterials/Widget3DPassThrough_Translucent_OneSided.uasset" 74
"../../../Engine/Content/EngineMaterials/Widget3DPassThrough_Translucent_OneSided.uexp" 75
"../../../Engine/Content/EngineMaterials/Widget3DPassThrough_Opaque.uasset" 76
"../../../Engine/Content/EngineMaterials/Widget3DPassThrough_Opaque.uexp" 77
"../../../Engine/Content/EngineMaterials/Widget3DPassThrough_Opaque_OneSided.uasset" 78
"../../../Engine/Content/EngineMaterials/Widget3DPassThrough_Opaque_OneSided.uexp" 79
"../../../Engine/Content/EngineMaterials/Widget3DPassThrough_Masked_OneSided.uasset" 80
"../../../Engine/Content/EngineMaterials/Widget3DPassThrough_Masked_OneSided.uexp" 81
"../../../Engine/Content/EngineMaterials/Widget3DPassThrough_Masked.uasset" 82
"../../../Engine/Content/EngineMaterials/Widget3DPassThrough_Masked.uexp" 83
"../../../Engine/Content/EngineMaterials/STBlueNoise_vec2_128x128x64.uasset" 84
"../../../Engine/Content/EngineMaterials/STBlueNoise_vec2_128x128x64.uexp" 85
"../../../Engine/Content/EngineMaterials/STBlueNoise_scalar_128x128x64.uasset" 86
"../../../Engine/Content/EngineMaterials/STBlueNoise_scalar_128x128x64.uexp" 87
"../../../Engine/Content/EngineMaterials/RemoveSurfaceMaterial.uasset" 88
"../../../Engine/Content/EngineMaterials/RemoveSurfaceMaterial.uexp" 89
"../../../Engine/Content/EngineMaterials/DefaultCalibrationGrayscale.uasset" 90
"../../../Engine/Content/EngineMaterials/DefaultCalibrationGrayscale.uexp" 91
"../../../Engine/Content/EngineMaterials/PPM_DefaultCalibrationGrayscale.uasset" 92
"../../../Engine/Content/EngineMaterials/PPM_DefaultCalibrationGrayscale.uexp" 93
"../../../Engine/Content/EngineMaterials/DefaultCalibrationColor.uasset" 94
"../../../Engine/Content/EngineMaterials/DefaultCalibrationColor.uexp" 95
"../../../Engine/Content/EngineMaterials/PPM_DefaultCalibrationColor.uasset" 96
"../../../Engine/Content/EngineMaterials/PPM_DefaultCalibrationColor.uexp" 97
"../../../Engine/Content/EngineMaterials/PhAT_JointLimitMaterial.uasset" 98
"../../../Engine/Content/EngineMaterials/PhAT_JointLimitMaterial.uexp" 99
"../../../Engine/Content/EngineMaterials/NaniteHiddenSectionMaterial.uasset" 100
"../../../Engine/Content/EngineMaterials/NaniteHiddenSectionMaterial.uexp" 101
"../../../Engine/Content/EngineMaterials/InvalidLightmapSettings.ubulk" 102
"../../../Engine/Content/EngineMaterials/InvalidLightmapSettings.uasset" 103
"../../../Engine/Content/EngineMaterials/InvalidLightmapSettings.uexp" 104
"../../../Engine/Content/EngineMaterials/M_InvalidLightmapSettings.uasset" 105
"../../../Engine/Content/EngineMaterials/M_InvalidLightmapSettings.uexp" 106
"../../../Engine/Content/EngineMaterials/GizmoMaterial.uasset" 107
"../../../Engine/Content/EngineMaterials/GizmoMaterial.uexp" 108
"../../../Engine/Content/EngineMaterials/BaseFlattenEmissiveMap_VT.uasset" 109
"../../../Engine/Content/EngineMaterials/BaseFlattenEmissiveMap_VT.uexp" 110
"../../../Engine/Content/EngineMaterials/BaseFlattenGrayscaleMap_VT.uasset" 111
"../../../Engine/Content/EngineMaterials/BaseFlattenGrayscaleMap_VT.uexp" 112
"../../../Engine/Content/EngineMaterials/BaseFlattenLinearColor_VT.uasset" 113
"../../../Engine/Content/EngineMaterials/BaseFlattenLinearColor_VT.uexp" 114
"../../../Engine/Content/EngineMaterials/Black_1x1_EXR_Texture_VT.uasset" 115
"../../../Engine/Content/EngineMaterials/Black_1x1_EXR_Texture_VT.uexp" 116
"../../../Engine/Content/EngineMaterials/BaseFlattenDiffuseMap_VT.uasset" 117
"../../../Engine/Content/EngineMaterials/BaseFlattenDiffuseMap_VT.uexp" 118
"../../../Engine/Content/EngineMaterials/BaseFlattenNormalMap_VT.uasset" 119
"../../../Engine/Content/EngineMaterials/BaseFlattenNormalMap_VT.uexp" 120
"../../../Engine/Content/EngineMaterials/FlattenMaterial_WS_Normal_VT.uasset" 121
"../../../Engine/Content/EngineMaterials/FlattenMaterial_WS_Normal_VT.uexp" 122
"../../../Engine/Content/EngineMaterials/FlattenMaterial_VT.uasset" 123
"../../../Engine/Content/EngineMaterials/FlattenMaterial_VT.uexp" 124
"../../../Engine/Content/EngineMaterials/BaseFlattenNormalMap.uasset" 125
"../../../Engine/Content/EngineMaterials/BaseFlattenNormalMap.uexp" 126
"../../../Engine/Content/EngineMaterials/BaseFlattenGrayscaleMap.uasset" 127
"../../../Engine/Content/EngineMaterials/BaseFlattenGrayscaleMap.uexp" 128
"../../../Engine/Content/EngineMaterials/BaseFlattenDiffuseMap.uasset" 129
"../../../Engine/Content/EngineMaterials/BaseFlattenDiffuseMap.uexp" 130
"../../../Engine/Content/Functions/Engine_MaterialFunctions02/PivotPainter2/Black_1x1_EXR_Texture.uasset" 131
"../../../Engine/Content/Functions/Engine_MaterialFunctions02/PivotPainter2/Black_1x1_EXR_Texture.uexp" 132
"../../../Engine/Content/EngineMaterials/BaseFlattenEmissiveMap.uasset" 133
"../../../Engine/Content/EngineMaterials/BaseFlattenEmissiveMap.uexp" 134
"../../../Engine/Content/EngineMaterials/BaseFlattenLinearColor.uasset" 135
"../../../Engine/Content/EngineMaterials/BaseFlattenLinearColor.uexp" 136
"../../../Engine/Content/EngineMaterials/FlattenMaterial.uasset" 137
"../../../Engine/Content/EngineMaterials/FlattenMaterial.uexp" 138
"../../../Engine/Content/EngineMaterials/DefaultWhiteGrid_Low.uasset" 139
"../../../Engine/Content/EngineMaterials/DefaultWhiteGrid_Low.uexp" 140
"../../../Engine/Content/EngineMaterials/EmissiveMeshMaterial.uasset" 141
"../../../Engine/Content/EngineMaterials/EmissiveMeshMaterial.uexp" 142
"../../../Engine/Content/EngineFonts/RobotoDistanceField.uasset" 143
"../../../Engine/Content/EngineFonts/RobotoDistanceField.uexp" 144
"../../../Engine/Content/EngineMaterials/DefaultTextMaterialOpaque.uasset" 145
"../../../Engine/Content/EngineMaterials/DefaultTextMaterialOpaque.uexp" 146
"../../../Engine/Content/EngineMaterials/DefaultDiffuse.ubulk" 147
"../../../Engine/Content/EngineMaterials/DefaultDiffuse.uasset" 148
"../../../Engine/Content/EngineMaterials/DefaultDiffuse.uexp" 149
"../../../Engine/Content/Functions/Engine_MaterialFunctions02/Utility/BreakOutFloat2Components.uasset" 150
"../../../Engine/Content/Functions/Engine_MaterialFunctions02/Utility/BreakOutFloat2Components.uexp" 151
"../../../Engine/Content/EngineMaterials/DefaultPostProcessMaterial.uasset" 152
"../../../Engine/Content/EngineMaterials/DefaultPostProcessMaterial.uexp" 153
"../../../Engine/Content/EngineMaterials/DefaultPhysicalMaterial.uasset" 154
"../../../Engine/Content/EngineMaterials/DefaultPhysicalMaterial.uexp" 155
"../../../Engine/Content/EngineMaterials/DefaultLightFunctionMaterial.uasset" 156
"../../../Engine/Content/EngineMaterials/DefaultLightFunctionMaterial.uexp" 157
"../../../Engine/Content/EngineMaterials/DefaultDestructiblePhysicalMaterial.uasset" 158
"../../../Engine/Content/EngineMaterials/DefaultDestructiblePhysicalMaterial.uexp" 159
"../../../Engine/Content/EngineMaterials/DefaultDeferredDecalMaterial.uasset" 160
"../../../Engine/Content/EngineMaterials/DefaultDeferredDecalMaterial.uexp" 161
"../../../Engine/Content/EngineMaterials/DefaultBloomKernel.uasset" 162
"../../../Engine/Content/EngineMaterials/DefaultBloomKernel.uexp" 163
"../../../Engine/Content/EngineFonts/Faces/RobotoLight.uexp" 164
"../../../Engine/Content/EngineFonts/Faces/RobotoLight.uasset" 165
"../../../Engine/Content/EngineFonts/Faces/RobotoLight.ufont" 166
"../../../Engine/Content/EngineFonts/Faces/RobotoBold.uexp" 167
"../../../Engine/Content/EngineFonts/Faces/RobotoBold.uasset" 168
"../../../Engine/Content/EngineFonts/Faces/RobotoBold.ufont" 169
"../../../Engine/Content/EngineFonts/Faces/RobotoRegular.uexp" 170
"../../../Engine/Content/EngineFonts/Faces/RobotoRegular.uasset" 171
"../../../Engine/Content/EngineFonts/Faces/RobotoRegular.ufont" 172
"../../../Engine/Content/EngineFonts/Faces/DroidSansFallback.uexp" 173
"../../../Engine/Content/EngineFonts/Faces/DroidSansFallback.uasset" 174
"../../../Engine/Content/EngineFonts/Faces/DroidSansFallback.ufont" 175
"../../../Engine/Content/EngineFonts/Faces/RobotoItalic.uexp" 176
"../../../Engine/Content/EngineFonts/Faces/RobotoItalic.uasset" 177
"../../../Engine/Content/EngineFonts/Faces/RobotoItalic.ufont" 178
"../../../Engine/Content/EngineFonts/Faces/RobotoBoldItalic.uexp" 179
"../../../Engine/Content/EngineFonts/Faces/RobotoBoldItalic.uasset" 180
"../../../Engine/Content/EngineFonts/Faces/RobotoBoldItalic.ufont" 181
"../../../Engine/Content/EngineFonts/Roboto.uasset" 182
"../../../Engine/Content/EngineFonts/Roboto.uexp" 183
"../../../Engine/Content/Functions/Engine_MaterialFunctions02/Utility/CameraDirectionVector.uasset" 184
"../../../Engine/Content/Functions/Engine_MaterialFunctions02/Utility/CameraDirectionVector.uexp" 185
"../../../Engine/Content/EngineDebugMaterials/VolumeToRender.uasset" 186
"../../../Engine/Content/EngineDebugMaterials/VolumeToRender.uexp" 187
"../../../Engine/Content/EngineDebugMaterials/M_VolumeRenderSphereTracePP.uasset" 188
"../../../Engine/Content/EngineDebugMaterials/M_VolumeRenderSphereTracePP.uexp" 189
"../../../Engine/Content/EngineDebugMaterials/M_SimpleUnlitTranslucent.uasset" 190
"../../../Engine/Content/EngineDebugMaterials/M_SimpleUnlitTranslucent.uexp" 191
"../../../Engine/Content/EngineDebugMaterials/DebugMeshMaterial.uasset" 192
"../../../Engine/Content/EngineDebugMaterials/DebugMeshMaterial.uexp" 193
"../../../Engine/Content/EngineDebugMaterials/DebugEditorMaterial.uasset" 194
"../../../Engine/Content/EngineDebugMaterials/DebugEditorMaterial.uexp" 195
"../../../Engine/Content/EngineDamageTypes/DmgTypeBP_Environmental.uasset" 196
"../../../Engine/Content/EngineDamageTypes/DmgTypeBP_Environmental.uexp" 197
"../../../Engine/Content/EngineMaterials/DefaultMaterial.uasset" 198
"../../../Engine/Content/EngineMaterials/DefaultMaterial.uexp" 199
"../../../Engine/Content/BasicShapes/Sphere.ubulk" 200
"../../../Engine/Content/BasicShapes/Sphere.uasset" 201
"../../../Engine/Content/BasicShapes/Sphere.uexp" 202
"../../../Engine/Content/BasicShapes/Plane.ubulk" 203
"../../../Engine/Content/BasicShapes/Plane.uasset" 204
"../../../Engine/Content/BasicShapes/Plane.uexp" 205
"../../../Engine/Content/BasicShapes/Cylinder.ubulk" 206
"../../../Engine/Content/BasicShapes/Cylinder.uasset" 207
"../../../Engine/Content/BasicShapes/Cylinder.uexp" 208
"../../../Engine/Content/BasicShapes/Cube.ubulk" 209
"../../../Engine/Content/BasicShapes/Cube.uasset" 210
"../../../Engine/Content/BasicShapes/Cube.uexp" 211
"../../../Engine/Content/BasicShapes/Cone.ubulk" 212
"../../../Engine/Content/BasicShapes/Cone.uasset" 213
"../../../Engine/Content/BasicShapes/Cone.uexp" 214
"../../../Engine/Content/BasicShapes/BasicShapeMaterial.uasset" 215
"../../../Engine/Content/BasicShapes/BasicShapeMaterial.uexp" 216
"../../../Engine/Content/Animation/DefaultVariableFrameStrippingSettings.uasset" 217
"../../../Engine/Content/Animation/DefaultVariableFrameStrippingSettings.uexp" 218
"../../../Engine/Content/Animation/DefaultRecorderBoneCompression.uasset" 219
"../../../Engine/Content/Animation/DefaultRecorderBoneCompression.uexp" 220
"../../../Engine/Plugins/Runtime/MeshModelingToolset/Content/Materials/M_DynamicMeshComponentVtxColor.uasset" 221
"../../../Engine/Plugins/Runtime/MeshModelingToolset/Content/Materials/M_DynamicMeshComponentVtxColor.uexp" 222
"../../../Engine/Plugins/Interchange/Runtime/Content/Pipelines/DefaultTexturePipeline.uasset" 223
"../../../Engine/Plugins/Interchange/Runtime/Content/Pipelines/DefaultTexturePipeline.uexp" 224
"../../../Engine/Plugins/Interchange/Runtime/Content/Pipelines/DefaultSceneLevelPipeline.uasset" 225
"../../../Engine/Plugins/Interchange/Runtime/Content/Pipelines/DefaultSceneLevelPipeline.uexp" 226
"../../../Engine/Plugins/Interchange/Runtime/Content/Pipelines/DefaultSceneAssetsPipeline.uasset" 227
"../../../Engine/Plugins/Interchange/Runtime/Content/Pipelines/DefaultSceneAssetsPipeline.uexp" 228
"../../../Engine/Plugins/Interchange/Runtime/Content/Pipelines/DefaultMaterialXPipeline.uasset" 229
"../../../Engine/Plugins/Interchange/Runtime/Content/Pipelines/DefaultMaterialXPipeline.uexp" 230
"../../../Engine/Plugins/Interchange/Runtime/Content/Pipelines/DefaultMaterialPipeline.uasset" 231
"../../../Engine/Plugins/Interchange/Runtime/Content/Pipelines/DefaultMaterialPipeline.uexp" 232
"../../../Engine/Plugins/Interchange/Runtime/Content/Pipelines/DefaultGLTFSceneAssetsPipeline.uasset" 233
"../../../Engine/Plugins/Interchange/Runtime/Content/Pipelines/DefaultGLTFSceneAssetsPipeline.uexp" 234
"../../../Engine/Plugins/Interchange/Runtime/Content/Pipelines/DefaultGLTFPipeline.uasset" 235
"../../../Engine/Plugins/Interchange/Runtime/Content/Pipelines/DefaultGLTFPipeline.uexp" 236
"../../../Engine/Plugins/Interchange/Runtime/Content/Pipelines/DefaultGLTFAssetsPipeline.uasset" 237
"../../../Engine/Plugins/Interchange/Runtime/Content/Pipelines/DefaultGLTFAssetsPipeline.uexp" 238
"../../../Engine/Plugins/Interchange/Runtime/Content/Pipelines/DefaultAssetsPipeline.uasset" 239
"../../../Engine/Plugins/Interchange/Runtime/Content/Pipelines/DefaultAssetsPipeline.uexp" 240
"../../../Engine/Plugins/Interchange/Runtime/Content/Functions/MX_UsdPreviewSurface.uasset" 241
"../../../Engine/Plugins/Interchange/Runtime/Content/Functions/MX_UsdPreviewSurface.uexp" 242
"../../../Engine/Plugins/Interchange/Runtime/Content/Functions/MX_UniformEDF.uasset" 243
"../../../Engine/Plugins/Interchange/Runtime/Content/Functions/MX_UniformEDF.uexp" 244
"../../../Engine/Plugins/Interchange/Runtime/Content/Functions/MX_TranslucentBSDF.uasset" 245
"../../../Engine/Plugins/Interchange/Runtime/Content/Functions/MX_TranslucentBSDF.uexp" 246
"../../../Engine/Plugins/Interchange/Runtime/Content/Functions/MX_ThinFilmBSDF.uasset" 247
"../../../Engine/Plugins/Interchange/Runtime/Content/Functions/MX_ThinFilmBSDF.uexp" 248
"../../../Engine/Plugins/Interchange/Runtime/Content/Functions/MX_SurfaceUnlit.uasset" 249
"../../../Engine/Plugins/Interchange/Runtime/Content/Functions/MX_SurfaceUnlit.uexp" 250
"../../../Engine/Plugins/Interchange/Runtime/Content/Functions/MX_Surface.uasset" 251
"../../../Engine/Plugins/Interchange/Runtime/Content/Functions/MX_Surface.uexp" 252
"../../../Engine/Plugins/Interchange/Runtime/Content/Functions/MX_SubsurfaceBSDF.uasset" 253
"../../../Engine/Plugins/Interchange/Runtime/Content/Functions/MX_SubsurfaceBSDF.uexp" 254
"../../../Engine/Plugins/Interchange/Runtime/Content/Functions/MX_SheenBSDF.uasset" 255
"../../../Engine/Plugins/Interchange/Runtime/Content/Functions/MX_SheenBSDF.uexp" 256
"../../../Engine/Plugins/Interchange/Runtime/Content/Functions/MX_OrenNayarBSDF.uasset" 257
"../../../Engine/Plugins/Interchange/Runtime/Content/Functions/MX_OrenNayarBSDF.uexp" 258
"../../../Engine/Content/Functions/Engine_MaterialFunctions01/Volumetrics/BeersLaw.uasset" 259
"../../../Engine/Content/Functions/Engine_MaterialFunctions01/Volumetrics/BeersLaw.uexp" 260
"../../../Engine/Content/EngineMaterials/Good64x64TilingNoiseHighFreq.uasset" 261
"../../../Engine/Content/EngineMaterials/Good64x64TilingNoiseHighFreq.uexp" 262
"../../../Engine/Content/Functions/Engine_MaterialFunctions02/Texturing/ScreenAlignedPixelToPixelUVs.uasset" 263
"../../../Engine/Content/Functions/Engine_MaterialFunctions02/Texturing/ScreenAlignedPixelToPixelUVs.uexp" 264
"../../../Engine/Plugins/Interchange/Runtime/Content/gltf/MaterialFunctions/MF_Temporal_Blur.uasset" 265
"../../../Engine/Plugins/Interchange/Runtime/Content/gltf/MaterialFunctions/MF_Temporal_Blur.uexp" 266
"../../../Engine/Plugins/Interchange/Runtime/Content/gltf/MaterialFunctions/MF_Fresnel_DS.uasset" 267
"../../../Engine/Plugins/Interchange/Runtime/Content/gltf/MaterialFunctions/MF_Fresnel_DS.uexp" 268
"../../../Engine/Content/Functions/Engine_MaterialFunctions02/Utility/BreakOutFloat3Components.uasset" 269
"../../../Engine/Content/Functions/Engine_MaterialFunctions02/Utility/BreakOutFloat3Components.uexp" 270
"../../../Engine/Plugins/Interchange/Runtime/Content/Functions/MX_Transmission.uasset" 271
"../../../Engine/Plugins/Interchange/Runtime/Content/Functions/MX_Transmission.uexp" 272
"../../../Engine/Plugins/Interchange/Runtime/Content/Functions/MF_OrenNayerView.uasset" 273
"../../../Engine/Plugins/Interchange/Runtime/Content/Functions/MF_OrenNayerView.uexp" 274
"../../../Engine/Plugins/Interchange/Runtime/Content/Functions/MF_SchlickApprox.uasset" 275
"../../../Engine/Plugins/Interchange/Runtime/Content/Functions/MF_SchlickApprox.uexp" 276
"../../../Engine/Plugins/Interchange/Runtime/Content/Utilities/New_LUT.uasset" 277
"../../../Engine/Plugins/Interchange/Runtime/Content/Utilities/New_LUT.uexp" 278
"../../../Engine/Content/Functions/Engine_MaterialFunctions03/Math/RemapValueRange.uasset" 279
"../../../Engine/Content/Functions/Engine_MaterialFunctions03/Math/RemapValueRange.uexp" 280
"../../../Engine/Plugins/Interchange/Runtime/Content/Functions/MF_Iridescence.uasset" 281
"../../../Engine/Plugins/Interchange/Runtime/Content/Functions/MF_Iridescence.uexp" 282
"../../../Engine/Plugins/Interchange/Runtime/Content/Functions/MX_StandardSurface.uasset" 283
"../../../Engine/Plugins/Interchange/Runtime/Content/Functions/MX_StandardSurface.uexp" 284
"../../../Engine/Plugins/Interchange/Runtime/Content/Functions/MX_TransmissionSurface.uasset" 285
"../../../Engine/Plugins/Interchange/Runtime/Content/Functions/MX_TransmissionSurface.uexp" 286
"../../../Engine/Plugins/Interchange/Runtime/Content/Functions/MX_OpenPBR_Translucent.uasset" 287
"../../../Engine/Plugins/Interchange/Runtime/Content/Functions/MX_OpenPBR_Translucent.uexp" 288
"../../../Engine/Plugins/Interchange/Runtime/Content/Functions/MX_OpenPBR_Opaque.uasset" 289
"../../../Engine/Plugins/Interchange/Runtime/Content/Functions/MX_OpenPBR_Opaque.uexp" 290
"../../../Engine/Plugins/Interchange/Runtime/Content/Functions/MX_MeasuredEDF.uasset" 291
"../../../Engine/Plugins/Interchange/Runtime/Content/Functions/MX_MeasuredEDF.uexp" 292
"../../../Engine/Plugins/Interchange/Runtime/Content/Functions/MX_GeneralizedSchlickBSDF.uasset" 293
"../../../Engine/Plugins/Interchange/Runtime/Content/Functions/MX_GeneralizedSchlickBSDF.uexp" 294
"../../../Engine/Plugins/Interchange/Runtime/Content/Functions/MX_DielectricBSDF.uasset" 295
"../../../Engine/Plugins/Interchange/Runtime/Content/Functions/MX_DielectricBSDF.uexp" 296
"../../../Engine/Plugins/Interchange/Runtime/Content/Functions/MX_ConicalEDF.uasset" 297
"../../../Engine/Plugins/Interchange/Runtime/Content/Functions/MX_ConicalEDF.uexp" 298
"../../../Engine/Plugins/Interchange/Runtime/Content/Functions/MX_ConductorBSDF.uasset" 299
"../../../Engine/Plugins/Interchange/Runtime/Content/Functions/MX_ConductorBSDF.uexp" 300
"../../../Engine/Plugins/Interchange/Runtime/Content/Functions/MX_BurleyDiffuseBSDF.uasset" 301
"../../../Engine/Plugins/Interchange/Runtime/Content/Functions/MX_BurleyDiffuseBSDF.uexp" 302
"../../../Engine/Plugins/Interchange/Runtime/Content/Functions/MX_AnisotropicVDF.uasset" 303
"../../../Engine/Plugins/Interchange/Runtime/Content/Functions/MX_AnisotropicVDF.uexp" 304
"../../../Engine/Plugins/Interchange/Runtime/Content/Functions/MX_AbsorptionVDF.uasset" 305
"../../../Engine/Plugins/Interchange/Runtime/Content/Functions/MX_AbsorptionVDF.uexp" 306
"../../../Engine/Plugins/Animation/ControlRig/Content/Controls/DefaultGizmoLibraryNormalized.uasset" 307
"../../../Engine/Plugins/Animation/ControlRig/Content/Controls/DefaultGizmoLibraryNormalized.uexp" 308
"../../../Engine/Plugins/Animation/ControlRig/Content/Controls/ControlRig_Wedge_solid.ubulk" 309
"../../../Engine/Plugins/Animation/ControlRig/Content/Controls/ControlRig_Wedge_solid.uasset" 310
"../../../Engine/Plugins/Animation/ControlRig/Content/Controls/ControlRig_Wedge_solid.uexp" 311
"../../../Engine/Plugins/Animation/ControlRig/Content/Controls/ControlRig_Wedge_3mm.ubulk" 312
"../../../Engine/Plugins/Animation/ControlRig/Content/Controls/ControlRig_Wedge_3mm.uasset" 313
"../../../Engine/Plugins/Animation/ControlRig/Content/Controls/ControlRig_Wedge_3mm.uexp" 314
"../../../Engine/Plugins/Animation/ControlRig/Content/Controls/ControlRig_Wedge_1mm.ubulk" 315
"../../../Engine/Plugins/Animation/ControlRig/Content/Controls/ControlRig_Wedge_1mm.uasset" 316
"../../../Engine/Plugins/Animation/ControlRig/Content/Controls/ControlRig_Wedge_1mm.uexp" 317
"../../../Engine/Plugins/Animation/ControlRig/Content/Controls/ControlRig_Triangle_solid.ubulk" 318
"../../../Engine/Plugins/Animation/ControlRig/Content/Controls/ControlRig_Triangle_solid.uasset" 319
"../../../Engine/Plugins/Animation/ControlRig/Content/Controls/ControlRig_Triangle_solid.uexp" 320
"../../../Engine/Plugins/Animation/ControlRig/Content/Controls/ControlRig_Triangle_3mm.ubulk" 321
"../../../Engine/Plugins/Animation/ControlRig/Content/Controls/ControlRig_Triangle_3mm.uasset" 322
"../../../Engine/Plugins/Animation/ControlRig/Content/Controls/ControlRig_Triangle_3mm.uexp" 323
"../../../Engine/Plugins/Animation/ControlRig/Content/Controls/ControlRig_Triangle_1mm.ubulk" 324
"../../../Engine/Plugins/Animation/ControlRig/Content/Controls/ControlRig_Triangle_1mm.uasset" 325
"../../../Engine/Plugins/Animation/ControlRig/Content/Controls/ControlRig_Triangle_1mm.uexp" 326
"../../../Engine/Plugins/Animation/ControlRig/Content/Controls/ControlRig_Star4_solid.ubulk" 327
"../../../Engine/Plugins/Animation/ControlRig/Content/Controls/ControlRig_Star4_solid.uasset" 328
"../../../Engine/Plugins/Animation/ControlRig/Content/Controls/ControlRig_Star4_solid.uexp" 329
"../../../Engine/Plugins/Animation/ControlRig/Content/Controls/ControlRig_Star4_3mm.ubulk" 330
"../../../Engine/Plugins/Animation/ControlRig/Content/Controls/ControlRig_Star4_3mm.uasset" 331
"../../../Engine/Plugins/Animation/ControlRig/Content/Controls/ControlRig_Star4_3mm.uexp" 332
"../../../Engine/Plugins/Animation/ControlRig/Content/Controls/ControlRig_Star4_1mm.ubulk" 333
"../../../Engine/Plugins/Animation/ControlRig/Content/Controls/ControlRig_Star4_1mm.uasset" 334
"../../../Engine/Plugins/Animation/ControlRig/Content/Controls/ControlRig_Star4_1mm.uexp" 335
"../../../Engine/Plugins/Animation/ControlRig/Content/Controls/ControlRig_Square_solid.ubulk" 336
"../../../Engine/Plugins/Animation/ControlRig/Content/Controls/ControlRig_Square_solid.uasset" 337
"../../../Engine/Plugins/Animation/ControlRig/Content/Controls/ControlRig_Square_solid.uexp" 338
"../../../Engine/Plugins/Animation/ControlRig/Content/Controls/ControlRig_Square_3mm.ubulk" 339
"../../../Engine/Plugins/Animation/ControlRig/Content/Controls/ControlRig_Square_3mm.uasset" 340
"../../../Engine/Plugins/Animation/ControlRig/Content/Controls/ControlRig_Square_3mm.uexp" 341
"../../../Engine/Plugins/Animation/ControlRig/Content/Controls/ControlRig_Square_1mm.ubulk" 342
"../../../Engine/Plugins/Animation/ControlRig/Content/Controls/ControlRig_Square_1mm.uasset" 343
"../../../Engine/Plugins/Animation/ControlRig/Content/Controls/ControlRig_Square_1mm.uexp" 344
"../../../Engine/Plugins/Animation/ControlRig/Content/Controls/ControlRig_Sphere_solid.ubulk" 345
"../../../Engine/Plugins/Animation/ControlRig/Content/Controls/ControlRig_Sphere_solid.uasset" 346
"../../../Engine/Plugins/Animation/ControlRig/Content/Controls/ControlRig_Sphere_solid.uexp" 347
"../../../Engine/Plugins/Animation/ControlRig/Content/Controls/ControlRig_Sphere_3mm.ubulk" 348
"../../../Engine/Plugins/Animation/ControlRig/Content/Controls/ControlRig_Sphere_3mm.uasset" 349
"../../../Engine/Plugins/Animation/ControlRig/Content/Controls/ControlRig_Sphere_3mm.uexp" 350
"../../../Engine/Plugins/Animation/ControlRig/Content/Controls/ControlRig_Sphere_1mm.ubulk" 351
"../../../Engine/Plugins/Animation/ControlRig/Content/Controls/ControlRig_Sphere_1mm.uasset" 352
"../../../Engine/Plugins/Animation/ControlRig/Content/Controls/ControlRig_Sphere_1mm.uexp" 353
"../../../Engine/Plugins/Animation/ControlRig/Content/Controls/ControlRig_RoundedTriangle_solid.ubulk" 354
"../../../Engine/Plugins/Animation/ControlRig/Content/Controls/ControlRig_RoundedTriangle_solid.uasset" 355
"../../../Engine/Plugins/Animation/ControlRig/Content/Controls/ControlRig_RoundedTriangle_solid.uexp" 356
"../../../Engine/Plugins/Animation/ControlRig/Content/Controls/ControlRig_RoundedTriangle_3mm.ubulk" 357
"../../../Engine/Plugins/Animation/ControlRig/Content/Controls/ControlRig_RoundedTriangle_3mm.uasset" 358
"../../../Engine/Plugins/Animation/ControlRig/Content/Controls/ControlRig_RoundedTriangle_3mm.uexp" 359
"../../../Engine/Plugins/Animation/ControlRig/Content/Controls/ControlRig_RoundedTriangle_1mm.ubulk" 360
"../../../Engine/Plugins/Animation/ControlRig/Content/Controls/ControlRig_RoundedTriangle_1mm.uasset" 361
"../../../Engine/Plugins/Animation/ControlRig/Content/Controls/ControlRig_RoundedTriangle_1mm.uexp" 362
"../../../Engine/Plugins/Animation/ControlRig/Content/Controls/ControlRig_RoundedSquare_solid.ubulk" 363
"../../../Engine/Plugins/Animation/ControlRig/Content/Controls/ControlRig_RoundedSquare_solid.uasset" 364
"../../../Engine/Plugins/Animation/ControlRig/Content/Controls/ControlRig_RoundedSquare_solid.uexp" 365
"../../../Engine/Plugins/Animation/ControlRig/Content/Controls/ControlRig_RoundedSquare_3mm.ubulk" 366
"../../../Engine/Plugins/Animation/ControlRig/Content/Controls/ControlRig_RoundedSquare_3mm.uasset" 367
"../../../Engine/Plugins/Animation/ControlRig/Content/Controls/ControlRig_RoundedSquare_3mm.uexp" 368
"../../../Engine/Plugins/Animation/ControlRig/Content/Controls/ControlRig_RoundedSquare_1mm.ubulk" 369
"../../../Engine/Plugins/Animation/ControlRig/Content/Controls/ControlRig_RoundedSquare_1mm.uasset" 370
"../../../Engine/Plugins/Animation/ControlRig/Content/Controls/ControlRig_RoundedSquare_1mm.uexp" 371
"../../../Engine/Plugins/Animation/ControlRig/Content/Controls/ControlRig_QuarterCircle_solid.ubulk" 372
"../../../Engine/Plugins/Animation/ControlRig/Content/Controls/ControlRig_QuarterCircle_solid.uasset" 373
"../../../Engine/Plugins/Animation/ControlRig/Content/Controls/ControlRig_QuarterCircle_solid.uexp" 374
"../../../Engine/Plugins/Animation/ControlRig/Content/Controls/ControlRig_QuarterCircle_3mm.ubulk" 375
"../../../Engine/Plugins/Animation/ControlRig/Content/Controls/ControlRig_QuarterCircle_3mm.uasset" 376
"../../../Engine/Plugins/Animation/ControlRig/Content/Controls/ControlRig_QuarterCircle_3mm.uexp" 377
"../../../Engine/Plugins/Animation/ControlRig/Content/Controls/ControlRig_QuarterCircle_1mm.ubulk" 378
"../../../Engine/Plugins/Animation/ControlRig/Content/Controls/ControlRig_QuarterCircle_1mm.uasset" 379
"../../../Engine/Plugins/Animation/ControlRig/Content/Controls/ControlRig_QuarterCircle_1mm.uexp" 380
"../../../Engine/Plugins/Animation/ControlRig/Content/Controls/ControlRig_Pyramid_solid.ubulk" 381
"../../../Engine/Plugins/Animation/ControlRig/Content/Controls/ControlRig_Pyramid_solid.uasset" 382
"../../../Engine/Plugins/Animation/ControlRig/Content/Controls/ControlRig_Pyramid_solid.uexp" 383
"../../../Engine/Plugins/Animation/ControlRig/Content/Controls/ControlRig_Pyramid_3mm.ubulk" 384
"../../../Engine/Plugins/Animation/ControlRig/Content/Controls/ControlRig_Pyramid_3mm.uasset" 385
"../../../Engine/Plugins/Animation/ControlRig/Content/Controls/ControlRig_Pyramid_3mm.uexp" 386
"../../../Engine/Plugins/Animation/ControlRig/Content/Controls/ControlRig_Pyramid_1mm.ubulk" 387
"../../../Engine/Plugins/Animation/ControlRig/Content/Controls/ControlRig_Pyramid_1mm.uasset" 388
"../../../Engine/Plugins/Animation/ControlRig/Content/Controls/ControlRig_Pyramid_1mm.uexp" 389
"../../../Engine/Plugins/Animation/ControlRig/Content/Controls/ControlRig_Octagon_solid.ubulk" 390
"../../../Engine/Plugins/Animation/ControlRig/Content/Controls/ControlRig_Octagon_solid.uasset" 391
"../../../Engine/Plugins/Animation/ControlRig/Content/Controls/ControlRig_Octagon_solid.uexp" 392
"../../../Engine/Plugins/Animation/ControlRig/Content/Controls/ControlRig_Octagon_3mm.ubulk" 393
"../../../Engine/Plugins/Animation/ControlRig/Content/Controls/ControlRig_Octagon_3mm.uasset" 394
"../../../Engine/Plugins/Animation/ControlRig/Content/Controls/ControlRig_Octagon_3mm.uexp" 395
"../../../Engine/Plugins/Animation/ControlRig/Content/Controls/ControlRig_Octagon_1mm.ubulk" 396
"../../../Engine/Plugins/Animation/ControlRig/Content/Controls/ControlRig_Octagon_1mm.uasset" 397
"../../../Engine/Plugins/Animation/ControlRig/Content/Controls/ControlRig_Octagon_1mm.uexp" 398
"../../../Engine/Plugins/Animation/ControlRig/Content/Controls/ControlRig_Hexagon_solid.ubulk" 399
"../../../Engine/Plugins/Animation/ControlRig/Content/Controls/ControlRig_Hexagon_solid.uasset" 400
"../../../Engine/Plugins/Animation/ControlRig/Content/Controls/ControlRig_Hexagon_solid.uexp" 401
"../../../Engine/Plugins/Animation/ControlRig/Content/Controls/ControlRig_Hexagon_3mm.ubulk" 402
"../../../Engine/Plugins/Animation/ControlRig/Content/Controls/ControlRig_Hexagon_3mm.uasset" 403
"../../../Engine/Plugins/Animation/ControlRig/Content/Controls/ControlRig_Hexagon_3mm.uexp" 404
"../../../Engine/Plugins/Animation/ControlRig/Content/Controls/ControlRig_Hexagon_1mm.ubulk" 405
"../../../Engine/Plugins/Animation/ControlRig/Content/Controls/ControlRig_Hexagon_1mm.uasset" 406
"../../../Engine/Plugins/Animation/ControlRig/Content/Controls/ControlRig_Hexagon_1mm.uexp" 407
"../../../Engine/Plugins/Animation/ControlRig/Content/Controls/ControlRig_HalfCircle_solid.ubulk" 408
"../../../Engine/Plugins/Animation/ControlRig/Content/Controls/ControlRig_HalfCircle_solid.uasset" 409
"../../../Engine/Plugins/Animation/ControlRig/Content/Controls/ControlRig_HalfCircle_solid.uexp" 410
"../../../Engine/Plugins/Animation/ControlRig/Content/Controls/ControlRig_HalfCircle_3mm.ubulk" 411
"../../../Engine/Plugins/Animation/ControlRig/Content/Controls/ControlRig_HalfCircle_3mm.uasset" 412
"../../../Engine/Plugins/Animation/ControlRig/Content/Controls/ControlRig_HalfCircle_3mm.uexp" 413
"../../../Engine/Plugins/Animation/ControlRig/Content/Controls/ControlRig_HalfCircle_1mm.ubulk" 414
"../../../Engine/Plugins/Animation/ControlRig/Content/Controls/ControlRig_HalfCircle_1mm.uasset" 415
"../../../Engine/Plugins/Animation/ControlRig/Content/Controls/ControlRig_HalfCircle_1mm.uexp" 416
"../../../Engine/Plugins/Animation/ControlRig/Content/Controls/ControlRig_Diamond_solid.ubulk" 417
"../../../Engine/Plugins/Animation/ControlRig/Content/Controls/ControlRig_Diamond_solid.uasset" 418
"../../../Engine/Plugins/Animation/ControlRig/Content/Controls/ControlRig_Diamond_solid.uexp" 419
"../../../Engine/Plugins/Animation/ControlRig/Content/Controls/ControlRig_Diamond_3mm.ubulk" 420
"../../../Engine/Plugins/Animation/ControlRig/Content/Controls/ControlRig_Diamond_3mm.uasset" 421
"../../../Engine/Plugins/Animation/ControlRig/Content/Controls/ControlRig_Diamond_3mm.uexp" 422
"../../../Engine/Plugins/Animation/ControlRig/Content/Controls/ControlRig_Diamond_1mm.ubulk" 423
"../../../Engine/Plugins/Animation/ControlRig/Content/Controls/ControlRig_Diamond_1mm.uasset" 424
"../../../Engine/Plugins/Animation/ControlRig/Content/Controls/ControlRig_Diamond_1mm.uexp" 425
"../../../Engine/Plugins/Animation/ControlRig/Content/Controls/ControlRig_Circle_solid.ubulk" 426
"../../../Engine/Plugins/Animation/ControlRig/Content/Controls/ControlRig_Circle_solid.uasset" 427
"../../../Engine/Plugins/Animation/ControlRig/Content/Controls/ControlRig_Circle_solid.uexp" 428
"../../../Engine/Plugins/Animation/ControlRig/Content/Controls/ControlRig_Circle_3mm.ubulk" 429
"../../../Engine/Plugins/Animation/ControlRig/Content/Controls/ControlRig_Circle_3mm.uasset" 430
"../../../Engine/Plugins/Animation/ControlRig/Content/Controls/ControlRig_Circle_3mm.uexp" 431
"../../../Engine/Plugins/Animation/ControlRig/Content/Controls/ControlRig_Circle_1mm.ubulk" 432
"../../../Engine/Plugins/Animation/ControlRig/Content/Controls/ControlRig_Circle_1mm.uasset" 433
"../../../Engine/Plugins/Animation/ControlRig/Content/Controls/ControlRig_Circle_1mm.uexp" 434
"../../../Engine/Plugins/Animation/ControlRig/Content/Controls/ControlRig_Box_solid.ubulk" 435
"../../../Engine/Plugins/Animation/ControlRig/Content/Controls/ControlRig_Box_solid.uasset" 436
"../../../Engine/Plugins/Animation/ControlRig/Content/Controls/ControlRig_Box_solid.uexp" 437
"../../../Engine/Plugins/Animation/ControlRig/Content/Controls/ControlRig_Box_3mm.ubulk" 438
"../../../Engine/Plugins/Animation/ControlRig/Content/Controls/ControlRig_Box_3mm.uasset" 439
"../../../Engine/Plugins/Animation/ControlRig/Content/Controls/ControlRig_Box_3mm.uexp" 440
"../../../Engine/Plugins/Animation/ControlRig/Content/Controls/ControlRig_Box_1mm.ubulk" 441
"../../../Engine/Plugins/Animation/ControlRig/Content/Controls/ControlRig_Box_1mm.uasset" 442
"../../../Engine/Plugins/Animation/ControlRig/Content/Controls/ControlRig_Box_1mm.uexp" 443
"../../../Engine/Plugins/Animation/ControlRig/Content/Controls/ControlRig_Arrow_solid.ubulk" 444
"../../../Engine/Plugins/Animation/ControlRig/Content/Controls/ControlRig_Arrow_solid.uasset" 445
"../../../Engine/Plugins/Animation/ControlRig/Content/Controls/ControlRig_Arrow_solid.uexp" 446
"../../../Engine/Plugins/Animation/ControlRig/Content/Controls/ControlRig_Arrow_3mm.ubulk" 447
"../../../Engine/Plugins/Animation/ControlRig/Content/Controls/ControlRig_Arrow_3mm.uasset" 448
"../../../Engine/Plugins/Animation/ControlRig/Content/Controls/ControlRig_Arrow_3mm.uexp" 449
"../../../Engine/Plugins/Animation/ControlRig/Content/Controls/ControlRig_Arrow_1mm.ubulk" 450
"../../../Engine/Plugins/Animation/ControlRig/Content/Controls/ControlRig_Arrow_1mm.uasset" 451
"../../../Engine/Plugins/Animation/ControlRig/Content/Controls/ControlRig_Arrow_1mm.uexp" 452
"../../../Engine/Plugins/Animation/ControlRig/Content/Controls/ControlRig_Arrow4_solid.ubulk" 453
"../../../Engine/Plugins/Animation/ControlRig/Content/Controls/ControlRig_Arrow4_solid.uasset" 454
"../../../Engine/Plugins/Animation/ControlRig/Content/Controls/ControlRig_Arrow4_solid.uexp" 455
"../../../Engine/Plugins/Animation/ControlRig/Content/Controls/ControlRig_Arrow4_3mm.ubulk" 456
"../../../Engine/Plugins/Animation/ControlRig/Content/Controls/ControlRig_Arrow4_3mm.uasset" 457
"../../../Engine/Plugins/Animation/ControlRig/Content/Controls/ControlRig_Arrow4_3mm.uexp" 458
"../../../Engine/Plugins/Animation/ControlRig/Content/Controls/ControlRig_Arrow4_1mm.ubulk" 459
"../../../Engine/Plugins/Animation/ControlRig/Content/Controls/ControlRig_Arrow4_1mm.uasset" 460
"../../../Engine/Plugins/Animation/ControlRig/Content/Controls/ControlRig_Arrow4_1mm.uexp" 461
"../../../Engine/Plugins/Animation/ControlRig/Content/Controls/ControlRig_Arrow2_solid.ubulk" 462
"../../../Engine/Plugins/Animation/ControlRig/Content/Controls/ControlRig_Arrow2_solid.uasset" 463
"../../../Engine/Plugins/Animation/ControlRig/Content/Controls/ControlRig_Arrow2_solid.uexp" 464
"../../../Engine/Plugins/Animation/ControlRig/Content/Controls/ControlRig_Arrow2_3mm.ubulk" 465
"../../../Engine/Plugins/Animation/ControlRig/Content/Controls/ControlRig_Arrow2_3mm.uasset" 466
"../../../Engine/Plugins/Animation/ControlRig/Content/Controls/ControlRig_Arrow2_3mm.uexp" 467
"../../../Engine/Plugins/Animation/ControlRig/Content/Controls/ControlRig_Arrow2_1mm.ubulk" 468
"../../../Engine/Plugins/Animation/ControlRig/Content/Controls/ControlRig_Arrow2_1mm.uasset" 469
"../../../Engine/Plugins/Animation/ControlRig/Content/Controls/ControlRig_Arrow2_1mm.uexp" 470
"../../../Engine/Plugins/Animation/ControlRig/Content/Controls/ControlRigXRayMaterial.uasset" 471
"../../../Engine/Plugins/Animation/ControlRig/Content/Controls/ControlRigXRayMaterial.uexp" 472
"../../../Engine/Plugins/Animation/ControlRig/Content/Controls/ControlRigGizmoMaterial.uasset" 473
"../../../Engine/Plugins/Animation/ControlRig/Content/Controls/ControlRigGizmoMaterial.uexp" 474
"../../../Engine/Content/Functions/Engine_MaterialFunctions02/Math/Transform3x3Matrix.uasset" 475
"../../../Engine/Content/Functions/Engine_MaterialFunctions02/Math/Transform3x3Matrix.uexp" 476
"../../../Engine/Content/Functions/Engine_MaterialFunctions02/SplitComponents.uasset" 477
"../../../Engine/Content/Functions/Engine_MaterialFunctions02/SplitComponents.uexp" 478
"../../../Engine/Content/Functions/Engine_MaterialFunctions02/Utility/MakeFloat3.uasset" 479
"../../../Engine/Content/Functions/Engine_MaterialFunctions02/Utility/MakeFloat3.uexp" 480
"../../../Engine/Plugins/Interchange/Runtime/Content/gltf/MaterialFunctions/MF_RotateV2.uasset" 481
"../../../Engine/Plugins/Interchange/Runtime/Content/gltf/MaterialFunctions/MF_RotateV2.uexp" 482
"../../../Engine/Plugins/Interchange/Runtime/Content/gltf/MaterialFunctions/MF_TransformUVs.uasset" 483
"../../../Engine/Plugins/Interchange/Runtime/Content/gltf/MaterialFunctions/MF_TransformUVs.uexp" 484
"../../../Engine/Plugins/Interchange/Runtime/Content/gltf/Textures/T_White_srgb.uasset" 485
"../../../Engine/Plugins/Interchange/Runtime/Content/gltf/Textures/T_White_srgb.uexp" 486
"../../../Engine/Plugins/Interchange/Runtime/Content/gltf/MaterialFunctions/MF_BaseColor.uasset" 487
"../../../Engine/Plugins/Interchange/Runtime/Content/gltf/MaterialFunctions/MF_BaseColor.uexp" 488
"../../../Engine/Plugins/Interchange/Runtime/Content/gltf/MaterialBodies/MF_Unlit_Body.uasset" 489
"../../../Engine/Plugins/Interchange/Runtime/Content/gltf/MaterialBodies/MF_Unlit_Body.uexp" 490
"../../../Engine/Plugins/Interchange/Runtime/Content/gltf/M_Unlit.uasset" 491
"../../../Engine/Plugins/Interchange/Runtime/Content/gltf/M_Unlit.uexp" 492
"../../../Engine/Plugins/Interchange/Runtime/Content/gltf/MaterialInstances/MI_Unlit_Opaque_DS.uasset" 493
"../../../Engine/Plugins/Interchange/Runtime/Content/gltf/MaterialInstances/MI_Unlit_Opaque_DS.uexp" 494
"../../../Engine/Plugins/Interchange/Runtime/Content/gltf/MaterialInstances/MI_Unlit_Opaque.uasset" 495
"../../../Engine/Plugins/Interchange/Runtime/Content/gltf/MaterialInstances/MI_Unlit_Opaque.uexp" 496
"../../../Engine/Plugins/Interchange/Runtime/Content/gltf/MaterialInstances/MI_Unlit_Mask_DS.uasset" 497
"../../../Engine/Plugins/Interchange/Runtime/Content/gltf/MaterialInstances/MI_Unlit_Mask_DS.uexp" 498
"../../../Engine/Plugins/Interchange/Runtime/Content/gltf/MaterialInstances/MI_Unlit_Mask.uasset" 499
"../../../Engine/Plugins/Interchange/Runtime/Content/gltf/MaterialInstances/MI_Unlit_Mask.uexp" 500
"../../../Engine/Plugins/Interchange/Runtime/Content/gltf/MaterialInstances/MI_Unlit_Blend_DS.uasset" 501
"../../../Engine/Plugins/Interchange/Runtime/Content/gltf/MaterialInstances/MI_Unlit_Blend_DS.uexp" 502
"../../../Engine/Plugins/Interchange/Runtime/Content/gltf/MaterialInstances/MI_Unlit_Blend.uasset" 503
"../../../Engine/Plugins/Interchange/Runtime/Content/gltf/MaterialInstances/MI_Unlit_Blend.uexp" 504
"../../../Engine/Plugins/Interchange/Runtime/Content/gltf/MaterialFunctions/MF_Iridescence.uasset" 505
"../../../Engine/Plugins/Interchange/Runtime/Content/gltf/MaterialFunctions/MF_Iridescence.uexp" 506
"../../../Engine/Plugins/Interchange/Runtime/Content/gltf/Textures/T_White_Linear.uasset" 507
"../../../Engine/Plugins/Interchange/Runtime/Content/gltf/Textures/T_White_Linear.uexp" 508
"../../../Engine/Plugins/Interchange/Runtime/Content/gltf/MaterialFunctions/MF_MetallicRoughness.uasset" 509
"../../../Engine/Plugins/Interchange/Runtime/Content/gltf/MaterialFunctions/MF_MetallicRoughness.uexp" 510
"../../../Engine/Plugins/Interchange/Runtime/Content/gltf/MaterialFunctions/MF_Transmission.uasset" 511
"../../../Engine/Plugins/Interchange/Runtime/Content/gltf/MaterialFunctions/MF_Transmission.uexp" 512
"../../../Engine/Plugins/Interchange/Runtime/Content/gltf/MaterialFunctions/MF_Occlusion.uasset" 513
"../../../Engine/Plugins/Interchange/Runtime/Content/gltf/MaterialFunctions/MF_Occlusion.uexp" 514
"../../../Engine/Plugins/Interchange/Runtime/Content/gltf/MaterialFunctions/MF_Specular.uasset" 515
"../../../Engine/Plugins/Interchange/Runtime/Content/gltf/MaterialFunctions/MF_Specular.uexp" 516
"../../../Engine/Plugins/Interchange/Runtime/Content/gltf/MaterialFunctions/MF_IOR.uasset" 517
"../../../Engine/Plugins/Interchange/Runtime/Content/gltf/MaterialFunctions/MF_IOR.uexp" 518
"../../../Engine/Plugins/Interchange/Runtime/Content/gltf/MaterialFunctions/MF_RotateNormals_TS.uasset" 519
"../../../Engine/Plugins/Interchange/Runtime/Content/gltf/MaterialFunctions/MF_RotateNormals_TS.uexp" 520
"../../../Engine/Plugins/Interchange/Runtime/Content/gltf/Textures/T_Generic_N.uasset" 521
"../../../Engine/Plugins/Interchange/Runtime/Content/gltf/Textures/T_Generic_N.uexp" 522
"../../../Engine/Plugins/Interchange/Runtime/Content/gltf/MaterialFunctions/MF_Normals.uasset" 523
"../../../Engine/Plugins/Interchange/Runtime/Content/gltf/MaterialFunctions/MF_Normals.uexp" 524
"../../../Engine/Plugins/Interchange/Runtime/Content/gltf/MaterialBodies/MF_Transmission_Body.uasset" 525
"../../../Engine/Plugins/Interchange/Runtime/Content/gltf/MaterialBodies/MF_Transmission_Body.uexp" 526
"../../../Engine/Plugins/Interchange/Runtime/Content/gltf/M_Transmission.uasset" 527
"../../../Engine/Plugins/Interchange/Runtime/Content/gltf/M_Transmission.uexp" 528
"../../../Engine/Plugins/Interchange/Runtime/Content/gltf/MaterialInstances/MI_Transmission_DS.uasset" 529
"../../../Engine/Plugins/Interchange/Runtime/Content/gltf/MaterialInstances/MI_Transmission_DS.uexp" 530
"../../../Engine/Plugins/Interchange/Runtime/Content/gltf/MaterialInstances/MI_Transmission.uasset" 531
"../../../Engine/Plugins/Interchange/Runtime/Content/gltf/MaterialInstances/MI_Transmission.uexp" 532
"../../../Engine/Plugins/Interchange/Runtime/Content/gltf/MaterialFunctions/MF_DiffuseSpecGloss.uasset" 533
"../../../Engine/Plugins/Interchange/Runtime/Content/gltf/MaterialFunctions/MF_DiffuseSpecGloss.uexp" 534
"../../../Engine/Content/Functions/Engine_MaterialFunctions02/Math/AddComponents.uasset" 535
"../../../Engine/Content/Functions/Engine_MaterialFunctions02/Math/AddComponents.uexp" 536
"../../../Engine/Plugins/Interchange/Runtime/Content/gltf/MaterialFunctions/MF_PerceivedBrightness.uasset" 537
"../../../Engine/Plugins/Interchange/Runtime/Content/gltf/MaterialFunctions/MF_PerceivedBrightness.uexp" 538
"../../../Engine/Plugins/Interchange/Runtime/Content/gltf/MaterialFunctions/MF_Emissive.uasset" 539
"../../../Engine/Plugins/Interchange/Runtime/Content/gltf/MaterialFunctions/MF_Emissive.uexp" 540
"../../../Engine/Plugins/Interchange/Runtime/Content/gltf/MaterialFunctions/MF_SpecGlossToMetalRoughness.uasset" 541
"../../../Engine/Plugins/Interchange/Runtime/Content/gltf/MaterialFunctions/MF_SpecGlossToMetalRoughness.uexp" 542
"../../../Engine/Plugins/Interchange/Runtime/Content/gltf/MaterialBodies/MF_SpecularGlossiness_Body.uasset" 543
"../../../Engine/Plugins/Interchange/Runtime/Content/gltf/MaterialBodies/MF_SpecularGlossiness_Body.uexp" 544
"../../../Engine/Plugins/Interchange/Runtime/Content/gltf/M_SpecularGlossiness.uasset" 545
"../../../Engine/Plugins/Interchange/Runtime/Content/gltf/M_SpecularGlossiness.uexp" 546
"../../../Engine/Plugins/Interchange/Runtime/Content/gltf/MaterialInstances/MI_SpecularGlossiness_Opaque_DS.uasset" 547
"../../../Engine/Plugins/Interchange/Runtime/Content/gltf/MaterialInstances/MI_SpecularGlossiness_Opaque_DS.uexp" 548
"../../../Engine/Plugins/Interchange/Runtime/Content/gltf/MaterialInstances/MI_SpecularGlossiness_Opaque.uasset" 549
"../../../Engine/Plugins/Interchange/Runtime/Content/gltf/MaterialInstances/MI_SpecularGlossiness_Opaque.uexp" 550
"../../../Engine/Plugins/Interchange/Runtime/Content/gltf/MaterialInstances/MI_SpecularGlossiness_Mask_DS.uasset" 551
"../../../Engine/Plugins/Interchange/Runtime/Content/gltf/MaterialInstances/MI_SpecularGlossiness_Mask_DS.uexp" 552
"../../../Engine/Plugins/Interchange/Runtime/Content/gltf/MaterialInstances/MI_SpecularGlossiness_Mask.uasset" 553
"../../../Engine/Plugins/Interchange/Runtime/Content/gltf/MaterialInstances/MI_SpecularGlossiness_Mask.uexp" 554
"../../../Engine/Plugins/Interchange/Runtime/Content/gltf/MaterialInstances/MI_SpecularGlossiness_Blend_DS.uasset" 555
"../../../Engine/Plugins/Interchange/Runtime/Content/gltf/MaterialInstances/MI_SpecularGlossiness_Blend_DS.uexp" 556
"../../../Engine/Plugins/Interchange/Runtime/Content/gltf/MaterialInstances/MI_SpecularGlossiness_Blend.uasset" 557
"../../../Engine/Plugins/Interchange/Runtime/Content/gltf/MaterialInstances/MI_SpecularGlossiness_Blend.uexp" 558
"../../../Engine/Plugins/Interchange/Runtime/Content/gltf/MaterialFunctions/MF_Sheen.uasset" 559
"../../../Engine/Plugins/Interchange/Runtime/Content/gltf/MaterialFunctions/MF_Sheen.uexp" 560
"../../../Engine/Plugins/Interchange/Runtime/Content/gltf/MaterialBodies/MF_Sheen_Body.uasset" 561
"../../../Engine/Plugins/Interchange/Runtime/Content/gltf/MaterialBodies/MF_Sheen_Body.uexp" 562
"../../../Engine/Plugins/Interchange/Runtime/Content/gltf/M_Sheen.uasset" 563
"../../../Engine/Plugins/Interchange/Runtime/Content/gltf/M_Sheen.uexp" 564
"../../../Engine/Plugins/Interchange/Runtime/Content/gltf/MaterialInstances/MI_Sheen_Opaque_DS.uasset" 565
"../../../Engine/Plugins/Interchange/Runtime/Content/gltf/MaterialInstances/MI_Sheen_Opaque_DS.uexp" 566
"../../../Engine/Plugins/Interchange/Runtime/Content/gltf/MaterialInstances/MI_Sheen_Opaque.uasset" 567
"../../../Engine/Plugins/Interchange/Runtime/Content/gltf/MaterialInstances/MI_Sheen_Opaque.uexp" 568
"../../../Engine/Plugins/Interchange/Runtime/Content/gltf/MaterialInstances/MI_Sheen_Mask_DS.uasset" 569
"../../../Engine/Plugins/Interchange/Runtime/Content/gltf/MaterialInstances/MI_Sheen_Mask_DS.uexp" 570
"../../../Engine/Plugins/Interchange/Runtime/Content/gltf/MaterialInstances/MI_Sheen_Mask.uasset" 571
"../../../Engine/Plugins/Interchange/Runtime/Content/gltf/MaterialInstances/MI_Sheen_Mask.uexp" 572
"../../../Engine/Plugins/Interchange/Runtime/Content/gltf/MaterialInstances/MI_Sheen_Blend_DS.uasset" 573
"../../../Engine/Plugins/Interchange/Runtime/Content/gltf/MaterialInstances/MI_Sheen_Blend_DS.uexp" 574
"../../../Engine/Plugins/Interchange/Runtime/Content/gltf/MaterialInstances/MI_Sheen_Blend.uasset" 575
"../../../Engine/Plugins/Interchange/Runtime/Content/gltf/MaterialInstances/MI_Sheen_Blend.uexp" 576
"../../../Engine/Plugins/Interchange/Runtime/Content/gltf/MaterialBodies/MF_Default_Body.uasset" 577
"../../../Engine/Plugins/Interchange/Runtime/Content/gltf/MaterialBodies/MF_Default_Body.uexp" 578
"../../../Engine/Plugins/Interchange/Runtime/Content/gltf/M_Default.uasset" 579
"../../../Engine/Plugins/Interchange/Runtime/Content/gltf/M_Default.uexp" 580
"../../../Engine/Plugins/Interchange/Runtime/Content/gltf/MaterialInstances/MI_Default_Opaque_DS.uasset" 581
"../../../Engine/Plugins/Interchange/Runtime/Content/gltf/MaterialInstances/MI_Default_Opaque_DS.uexp" 582
"../../../Engine/Plugins/Interchange/Runtime/Content/gltf/MaterialInstances/MI_Default_Opaque.uasset" 583
"../../../Engine/Plugins/Interchange/Runtime/Content/gltf/MaterialInstances/MI_Default_Opaque.uexp" 584
"../../../Engine/Plugins/Interchange/Runtime/Content/gltf/MaterialInstances/MI_Default_Mask_DS.uasset" 585
"../../../Engine/Plugins/Interchange/Runtime/Content/gltf/MaterialInstances/MI_Default_Mask_DS.uexp" 586
"../../../Engine/Plugins/Interchange/Runtime/Content/gltf/MaterialInstances/MI_Default_Mask.uasset" 587
"../../../Engine/Plugins/Interchange/Runtime/Content/gltf/MaterialInstances/MI_Default_Mask.uexp" 588
"../../../Engine/Plugins/Interchange/Runtime/Content/gltf/MaterialInstances/MI_Default_Blend_DS.uasset" 589
"../../../Engine/Plugins/Interchange/Runtime/Content/gltf/MaterialInstances/MI_Default_Blend_DS.uexp" 590
"../../../Engine/Plugins/Interchange/Runtime/Content/gltf/MaterialInstances/MI_Default_Blend.uasset" 591
"../../../Engine/Plugins/Interchange/Runtime/Content/gltf/MaterialInstances/MI_Default_Blend.uexp" 592
"../../../Engine/Content/Functions/Engine_MaterialFunctions01/Texturing/FlattenNormal.uasset" 593
"../../../Engine/Content/Functions/Engine_MaterialFunctions01/Texturing/FlattenNormal.uexp" 594
"../../../Engine/Plugins/Interchange/Runtime/Content/gltf/MaterialFunctions/MF_Clearcoat.uasset" 595
"../../../Engine/Plugins/Interchange/Runtime/Content/gltf/MaterialFunctions/MF_Clearcoat.uexp" 596
"../../../Engine/Plugins/Interchange/Runtime/Content/gltf/MaterialBodies/MF_ClearCoat_Body.uasset" 597
"../../../Engine/Plugins/Interchange/Runtime/Content/gltf/MaterialBodies/MF_ClearCoat_Body.uexp" 598
"../../../Engine/Plugins/Interchange/Runtime/Content/gltf/M_ClearCoat.uasset" 599
"../../../Engine/Plugins/Interchange/Runtime/Content/gltf/M_ClearCoat.uexp" 600
"../../../Engine/Plugins/Interchange/Runtime/Content/gltf/MaterialInstances/MI_ClearCoat_Opaque_DS.uasset" 601
"../../../Engine/Plugins/Interchange/Runtime/Content/gltf/MaterialInstances/MI_ClearCoat_Opaque_DS.uexp" 602
"../../../Engine/Plugins/Interchange/Runtime/Content/gltf/MaterialInstances/MI_ClearCoat_Opaque.uasset" 603
"../../../Engine/Plugins/Interchange/Runtime/Content/gltf/MaterialInstances/MI_ClearCoat_Opaque.uexp" 604
"../../../Engine/Plugins/Interchange/Runtime/Content/gltf/MaterialInstances/MI_ClearCoat_Mask_DS.uasset" 605
"../../../Engine/Plugins/Interchange/Runtime/Content/gltf/MaterialInstances/MI_ClearCoat_Mask_DS.uexp" 606
"../../../Engine/Plugins/Interchange/Runtime/Content/gltf/MaterialInstances/MI_ClearCoat_Mask.uasset" 607
"../../../Engine/Plugins/Interchange/Runtime/Content/gltf/MaterialInstances/MI_ClearCoat_Mask.uexp" 608
"../../../Engine/Plugins/Interchange/Runtime/Content/gltf/MaterialInstances/MI_ClearCoat_Blend_DS.uasset" 609
"../../../Engine/Plugins/Interchange/Runtime/Content/gltf/MaterialInstances/MI_ClearCoat_Blend_DS.uexp" 610
"../../../Engine/Plugins/Interchange/Runtime/Content/gltf/MaterialInstances/MI_ClearCoat_Blend.uasset" 611
"../../../Engine/Plugins/Interchange/Runtime/Content/gltf/MaterialInstances/MI_ClearCoat_Blend.uexp" 612
"../../../Engine/Content/EngineSky/VolumetricClouds/CloudWeatherTexture.uasset" 613
"../../../Engine/Content/EngineSky/VolumetricClouds/CloudWeatherTexture.uexp" 614
"../../../Engine/Content/Functions/Engine_MaterialFunctions02/Utility/MakeFloat2.uasset" 615
"../../../Engine/Content/Functions/Engine_MaterialFunctions02/Utility/MakeFloat2.uexp" 616
"../../../Engine/Content/EngineSky/VolumetricClouds/CloudGradientTexture.uasset" 617
"../../../Engine/Content/EngineSky/VolumetricClouds/CloudGradientTexture.uexp" 618
"../../../Engine/Content/EngineSky/VolumetricClouds/T_NoiseShape64.ubulk" 619
"../../../Engine/Content/EngineSky/VolumetricClouds/T_NoiseShape64.uasset" 620
"../../../Engine/Content/EngineSky/VolumetricClouds/T_NoiseShape64.uexp" 621
"../../../Engine/Content/EngineSky/VolumetricClouds/T_VolumeNoiseShape64.uasset" 622
"../../../Engine/Content/EngineSky/VolumetricClouds/T_VolumeNoiseShape64.uexp" 623
"../../../Engine/Content/EngineSky/VolumetricClouds/T_NoiseErosion.ubulk" 624
"../../../Engine/Content/EngineSky/VolumetricClouds/T_NoiseErosion.uasset" 625
"../../../Engine/Content/EngineSky/VolumetricClouds/T_NoiseErosion.uexp" 626
"../../../Engine/Content/EngineSky/VolumetricClouds/T_VolumeNoiseErosion32.uasset" 627
"../../../Engine/Content/EngineSky/VolumetricClouds/T_VolumeNoiseErosion32.uexp" 628
"../../../Engine/Content/EngineSky/VolumetricClouds/m_SimpleVolumetricCloud.uasset" 629
"../../../Engine/Content/EngineSky/VolumetricClouds/m_SimpleVolumetricCloud.uexp" 630
"../../../Engine/Content/EngineSky/VolumetricClouds/m_SimpleVolumetricCloud_Inst.uasset" 631
"../../../Engine/Content/EngineSky/VolumetricClouds/m_SimpleVolumetricCloud_Inst.uexp" 632
"../../../Engine/Content/EngineResources/FilmGrains/Marcie_Grain_v3_128_M2_000.uasset" 633
"../../../Engine/Content/EngineResources/FilmGrains/Marcie_Grain_v3_128_M2_000.uexp" 634
"C:/Users/kruch/UnrealProjects/FS/Content/Main/SoundClasses/Music.uasset" 635
"C:/Users/kruch/UnrealProjects/FS/Content/Main/SoundClasses/Music.uexp" 636
"C:/Users/kruch/UnrealProjects/FS/Content/Main/SoundClasses/Effects.uasset" 637
"C:/Users/kruch/UnrealProjects/FS/Content/Main/SoundClasses/Effects.uexp" 638
"C:/Users/kruch/UnrealProjects/FS/Content/Main/Sound/MainSound.uasset" 639
"C:/Users/kruch/UnrealProjects/FS/Content/Main/Sound/MainSound.uexp" 640
"C:/Users/kruch/UnrealProjects/FS/Content/Main/MainGame/BP_FSSaveGame.uasset" 641
"C:/Users/kruch/UnrealProjects/FS/Content/Main/MainGame/BP_FSSaveGame.uexp" 642
"C:/Users/kruch/UnrealProjects/FS/Content/Main/MainGame/Interfaces/BPI_FSGameInstance.uasset" 643
"C:/Users/kruch/UnrealProjects/FS/Content/Main/MainGame/Interfaces/BPI_FSGameInstance.uexp" 644
"C:/Users/kruch/UnrealProjects/FS/Content/Main/MainGame/BP_FSGameInstance.uasset" 645
"C:/Users/kruch/UnrealProjects/FS/Content/Main/MainGame/BP_FSGameInstance.uexp" 646
"../../../Engine/Content/Functions/Engine_MaterialFunctions01/Shading/PowerToRoughness.uasset" 647
"../../../Engine/Content/Functions/Engine_MaterialFunctions01/Shading/PowerToRoughness.uexp" 648
"../../../Engine/Content/Functions/Engine_MaterialFunctions01/Shading/ConvertFromDiffSpec.uasset" 649
"../../../Engine/Content/Functions/Engine_MaterialFunctions01/Shading/ConvertFromDiffSpec.uexp" 650
"../../../Engine/Content/EngineMaterials/Substrate/Volume/SubstrateSimpleVolumeLUT3D.uasset" 651
"../../../Engine/Content/EngineMaterials/Substrate/Volume/SubstrateSimpleVolumeLUT3D.uexp" 652
"../../../Engine/Content/EngineMaterials/Substrate/Volume/SubstrateSimpleVolumeEnvLUT3D.uasset" 653
"../../../Engine/Content/EngineMaterials/Substrate/Volume/SubstrateSimpleVolumeEnvLUT3D.uexp" 654
"../../../Engine/Content/EngineMaterials/Substrate/GLints2/AGlintTex2dArray2.uasset" 655
"../../../Engine/Content/EngineMaterials/Substrate/GLints2/AGlintTex2dArray2.uexp" 656
"../../../Engine/Content/EngineMaterials/Substrate/GLints/AGlintTex2dArray.uasset" 657
"../../../Engine/Content/EngineMaterials/Substrate/GLints/AGlintTex2dArray.uexp" 658
"../../../Engine/Content/Maps/Entry_BuiltData.uasset" 659
"../../../Engine/Content/Maps/Entry_BuiltData.uexp" 660
"../../../Engine/Content/Maps/Entry.uexp" 661
"../../../Engine/Content/Maps/Entry.umap" 662
"C:/Users/kruch/UnrealProjects/FS/Content/Main/Data/EWeaponSlot.uasset" 663
"C:/Users/kruch/UnrealProjects/FS/Content/Main/Data/EWeaponSlot.uexp" 664
"C:/Users/kruch/UnrealProjects/FS/Content/Main/MainGame/Interfaces/BPI_FSPlayerController.uasset" 665
"C:/Users/kruch/UnrealProjects/FS/Content/Main/MainGame/Interfaces/BPI_FSPlayerController.uexp" 666
"C:/Users/kruch/UnrealProjects/FS/Content/Main/Data/EReloadState.uasset" 667
"C:/Users/kruch/UnrealProjects/FS/Content/Main/Data/EReloadState.uexp" 668
"C:/Users/kruch/UnrealProjects/FS/Content/Main/MainGame/World/BFL_FS.uasset" 669
"C:/Users/kruch/UnrealProjects/FS/Content/Main/MainGame/World/BFL_FS.uexp" 670
"C:/Users/kruch/UnrealProjects/FS/Content/Main/Textures/T_Bullet.uasset" 671
"C:/Users/kruch/UnrealProjects/FS/Content/Main/Textures/T_Bullet.uexp" 672
"C:/Users/kruch/UnrealProjects/FS/Content/Main/Textures/T_Bullet_Sprite.uasset" 673
"C:/Users/kruch/UnrealProjects/FS/Content/Main/Textures/T_Bullet_Sprite.uexp" 674
"C:/Users/kruch/UnrealProjects/FS/Content/Main/MainGame/World/BP_Projectile.uasset" 675
"C:/Users/kruch/UnrealProjects/FS/Content/Main/MainGame/World/BP_Projectile.uexp" 676
"C:/Users/kruch/UnrealProjects/FS/Content/Main/Data/DT_Player.uasset" 677
"C:/Users/kruch/UnrealProjects/FS/Content/Main/Data/DT_Player.uexp" 678
"C:/Users/kruch/UnrealProjects/FS/Content/Main/MainGame/Weapons/BP_WeaponBase.uasset" 679
"C:/Users/kruch/UnrealProjects/FS/Content/Main/MainGame/Weapons/BP_WeaponBase.uexp" 680
"C:/Users/kruch/UnrealProjects/FS/Content/Main/MainGame/Weapons/ghost_pistol.uasset" 681
"C:/Users/kruch/UnrealProjects/FS/Content/Main/MainGame/Weapons/ghost_pistol.uexp" 682
"C:/Users/kruch/UnrealProjects/FS/Content/Main/MainGame/Weapons/ghost_pistol_Sprite.uasset" 683
"C:/Users/kruch/UnrealProjects/FS/Content/Main/MainGame/Weapons/ghost_pistol_Sprite.uexp" 684
"C:/Users/kruch/UnrealProjects/FS/Content/Main/MainGame/Weapons/PF_Pistol.uasset" 685
"C:/Users/kruch/UnrealProjects/FS/Content/Main/MainGame/Weapons/PF_Pistol.uexp" 686
"C:/Users/kruch/UnrealProjects/FS/Content/Main/MainGame/Weapons/BP_Weapon_Pistol.uasset" 687
"C:/Users/kruch/UnrealProjects/FS/Content/Main/MainGame/Weapons/BP_Weapon_Pistol.uexp" 688
"C:/Users/kruch/UnrealProjects/FS/Content/Main/MainGame/Weapons/T_Ak_47.uasset" 689
"C:/Users/kruch/UnrealProjects/FS/Content/Main/MainGame/Weapons/T_Ak_47.uexp" 690
"C:/Users/kruch/UnrealProjects/FS/Content/Main/MainGame/Weapons/T_Ak_47_Sprite.uasset" 691
"C:/Users/kruch/UnrealProjects/FS/Content/Main/MainGame/Weapons/T_Ak_47_Sprite.uexp" 692
"C:/Users/kruch/UnrealProjects/FS/Content/Main/MainGame/Weapons/PF_Automate.uasset" 693
"C:/Users/kruch/UnrealProjects/FS/Content/Main/MainGame/Weapons/PF_Automate.uexp" 694
"C:/Users/kruch/UnrealProjects/FS/Content/Main/MainGame/Weapons/BP_Weapon_Automate.uasset" 695
"C:/Users/kruch/UnrealProjects/FS/Content/Main/MainGame/Weapons/BP_Weapon_Automate.uexp" 696
"C:/Users/kruch/UnrealProjects/FS/Content/Main/MainGame/Weapons/machine_gun.uasset" 697
"C:/Users/kruch/UnrealProjects/FS/Content/Main/MainGame/Weapons/machine_gun.uexp" 698
"C:/Users/kruch/UnrealProjects/FS/Content/Main/MainGame/Weapons/machine_gun_Sprite.uasset" 699
"C:/Users/kruch/UnrealProjects/FS/Content/Main/MainGame/Weapons/machine_gun_Sprite.uexp" 700
"C:/Users/kruch/UnrealProjects/FS/Content/Main/MainGame/Weapons/PF_Uzi.uasset" 701
"C:/Users/kruch/UnrealProjects/FS/Content/Main/MainGame/Weapons/PF_Uzi.uexp" 702
"C:/Users/kruch/UnrealProjects/FS/Content/Main/MainGame/Weapons/BP_Weapon_Uzi.uasset" 703
"C:/Users/kruch/UnrealProjects/FS/Content/Main/MainGame/Weapons/BP_Weapon_Uzi.uexp" 704
"C:/Users/kruch/UnrealProjects/FS/Content/Main/MainGame/Character/BP_WeaponManager.uasset" 705
"C:/Users/kruch/UnrealProjects/FS/Content/Main/MainGame/Character/BP_WeaponManager.uexp" 706
"C:/Users/kruch/UnrealProjects/FS/Content/Main/MainGame/Interfaces/BPI_FSCharacter.uasset" 707
"C:/Users/kruch/UnrealProjects/FS/Content/Main/MainGame/Interfaces/BPI_FSCharacter.uexp" 708
"C:/Users/kruch/UnrealProjects/FS/Content/Main/Inputs/IA_SelectThirdWeapon.uasset" 709
"C:/Users/kruch/UnrealProjects/FS/Content/Main/Inputs/IA_SelectThirdWeapon.uexp" 710
"C:/Users/kruch/UnrealProjects/FS/Content/Main/Inputs/IA_Shoot.uasset" 711
"C:/Users/kruch/UnrealProjects/FS/Content/Main/Inputs/IA_Shoot.uexp" 712
"C:/Users/kruch/UnrealProjects/FS/Content/Main/MainGame/Interfaces/BPI_Interact.uasset" 713
"C:/Users/kruch/UnrealProjects/FS/Content/Main/MainGame/Interfaces/BPI_Interact.uexp" 714
"C:/Users/kruch/UnrealProjects/FS/Content/Main/Inputs/IA_SelectSecondWeapon.uasset" 715
"C:/Users/kruch/UnrealProjects/FS/Content/Main/Inputs/IA_SelectSecondWeapon.uexp" 716
"C:/Users/kruch/UnrealProjects/FS/Content/Main/MainGame/Enemies/AS_Enemy_1_.uasset" 717
"C:/Users/kruch/UnrealProjects/FS/Content/Main/MainGame/Enemies/AS_Enemy_1_.uexp" 718
"C:/Users/kruch/UnrealProjects/FS/Content/Main/MainGame/Enemies/Textures/Walk.uasset" 719
"C:/Users/kruch/UnrealProjects/FS/Content/Main/MainGame/Enemies/Textures/Walk.uexp" 720
"C:/Users/kruch/UnrealProjects/FS/Content/Main/MainGame/Enemies/Textures/Walk_Sprite_0.uasset" 721
"C:/Users/kruch/UnrealProjects/FS/Content/Main/MainGame/Enemies/Textures/Walk_Sprite_0.uexp" 722
"C:/Users/kruch/UnrealProjects/FS/Content/Main/MainGame/Enemies/Textures/Walk_Sprite_1.uasset" 723
"C:/Users/kruch/UnrealProjects/FS/Content/Main/MainGame/Enemies/Textures/Walk_Sprite_1.uexp" 724
"C:/Users/kruch/UnrealProjects/FS/Content/Main/MainGame/Enemies/Textures/Walk_Sprite_2.uasset" 725
"C:/Users/kruch/UnrealProjects/FS/Content/Main/MainGame/Enemies/Textures/Walk_Sprite_2.uexp" 726
"C:/Users/kruch/UnrealProjects/FS/Content/Main/MainGame/Enemies/Textures/Walk_Sprite_3.uasset" 727
"C:/Users/kruch/UnrealProjects/FS/Content/Main/MainGame/Enemies/Textures/Walk_Sprite_3.uexp" 728
"C:/Users/kruch/UnrealProjects/FS/Content/Main/MainGame/Enemies/Textures/PF_Walk_Enemy_1.uasset" 729
"C:/Users/kruch/UnrealProjects/FS/Content/Main/MainGame/Enemies/Textures/PF_Walk_Enemy_1.uexp" 730
"C:/Users/kruch/UnrealProjects/FS/Content/Main/MainGame/Enemies/AnimSequences/Walk.uasset" 731
"C:/Users/kruch/UnrealProjects/FS/Content/Main/MainGame/Enemies/AnimSequences/Walk.uexp" 732
"C:/Users/kruch/UnrealProjects/FS/Content/Main/MainGame/Enemies/Textures/Idle.uasset" 733
"C:/Users/kruch/UnrealProjects/FS/Content/Main/MainGame/Enemies/Textures/Idle.uexp" 734
"C:/Users/kruch/UnrealProjects/FS/Content/Main/MainGame/Enemies/Textures/Idle_Sprite_0.uasset" 735
"C:/Users/kruch/UnrealProjects/FS/Content/Main/MainGame/Enemies/Textures/Idle_Sprite_0.uexp" 736
"C:/Users/kruch/UnrealProjects/FS/Content/Main/MainGame/Enemies/Textures/Idle_Sprite_1.uasset" 737
"C:/Users/kruch/UnrealProjects/FS/Content/Main/MainGame/Enemies/Textures/Idle_Sprite_1.uexp" 738
"C:/Users/kruch/UnrealProjects/FS/Content/Main/MainGame/Enemies/Textures/Idle_Sprite_2.uasset" 739
"C:/Users/kruch/UnrealProjects/FS/Content/Main/MainGame/Enemies/Textures/Idle_Sprite_2.uexp" 740
"C:/Users/kruch/UnrealProjects/FS/Content/Main/MainGame/Enemies/Textures/Idle_Sprite_3.uasset" 741
"C:/Users/kruch/UnrealProjects/FS/Content/Main/MainGame/Enemies/Textures/Idle_Sprite_3.uexp" 742
"C:/Users/kruch/UnrealProjects/FS/Content/Main/MainGame/Enemies/Textures/PF_Idle_Enemy_1.uasset" 743
"C:/Users/kruch/UnrealProjects/FS/Content/Main/MainGame/Enemies/Textures/PF_Idle_Enemy_1.uexp" 744
"C:/Users/kruch/UnrealProjects/FS/Content/Main/MainGame/Enemies/AnimSequences/Idle.uasset" 745
"C:/Users/kruch/UnrealProjects/FS/Content/Main/MainGame/Enemies/AnimSequences/Idle.uexp" 746
"C:/Users/kruch/UnrealProjects/FS/Content/Main/MainGame/Enemies/Textures/Attack.uasset" 747
"C:/Users/kruch/UnrealProjects/FS/Content/Main/MainGame/Enemies/Textures/Attack.uexp" 748
"C:/Users/kruch/UnrealProjects/FS/Content/Main/MainGame/Enemies/Textures/Attack_S_0.uasset" 749
"C:/Users/kruch/UnrealProjects/FS/Content/Main/MainGame/Enemies/Textures/Attack_S_0.uexp" 750
"C:/Users/kruch/UnrealProjects/FS/Content/Main/MainGame/Enemies/Textures/Attack_S_1.uasset" 751
"C:/Users/kruch/UnrealProjects/FS/Content/Main/MainGame/Enemies/Textures/Attack_S_1.uexp" 752
"C:/Users/kruch/UnrealProjects/FS/Content/Main/MainGame/Enemies/Textures/Attack_S_2.uasset" 753
"C:/Users/kruch/UnrealProjects/FS/Content/Main/MainGame/Enemies/Textures/Attack_S_2.uexp" 754
"C:/Users/kruch/UnrealProjects/FS/Content/Main/MainGame/Enemies/Textures/Attack_S_3.uasset" 755
"C:/Users/kruch/UnrealProjects/FS/Content/Main/MainGame/Enemies/Textures/Attack_S_3.uexp" 756
"C:/Users/kruch/UnrealProjects/FS/Content/Main/MainGame/Enemies/Textures/PF_Attack_Enemy_1.uasset" 757
"C:/Users/kruch/UnrealProjects/FS/Content/Main/MainGame/Enemies/Textures/PF_Attack_Enemy_1.uexp" 758
"C:/Users/kruch/UnrealProjects/FS/Content/Main/MainGame/Enemies/AnimSequences/Atack.uasset" 759
"C:/Users/kruch/UnrealProjects/FS/Content/Main/MainGame/Enemies/AnimSequences/Atack.uexp" 760
"C:/Users/kruch/UnrealProjects/FS/Content/Main/MainGame/Enemies/ABP_Enemy_1_.uasset" 761
"C:/Users/kruch/UnrealProjects/FS/Content/Main/MainGame/Enemies/ABP_Enemy_1_.uexp" 762
"C:/Users/kruch/UnrealProjects/FS/Content/Main/MainGame/Interfaces/BPI_Enemy.uasset" 763
"C:/Users/kruch/UnrealProjects/FS/Content/Main/MainGame/Interfaces/BPI_Enemy.uexp" 764
"C:/Users/kruch/UnrealProjects/FS/Content/Main/MainGame/EnemyWeapons/BP_EnemyWeaponBase.uasset" 765
"C:/Users/kruch/UnrealProjects/FS/Content/Main/MainGame/EnemyWeapons/BP_EnemyWeaponBase.uexp" 766
"C:/Users/kruch/UnrealProjects/FS/Content/Main/Data/ERelation.uasset" 767
"C:/Users/kruch/UnrealProjects/FS/Content/Main/Data/ERelation.uexp" 768
"C:/Users/kruch/UnrealProjects/FS/Content/Main/MainGame/Enemies/Tasks/BTT_FindTarget.uasset" 769
"C:/Users/kruch/UnrealProjects/FS/Content/Main/MainGame/Enemies/Tasks/BTT_FindTarget.uexp" 770
"C:/Users/kruch/UnrealProjects/FS/Content/Main/MainGame/Enemies/Enemy_1/BD_Enemy_1.uasset" 771
"C:/Users/kruch/UnrealProjects/FS/Content/Main/MainGame/Enemies/Enemy_1/BD_Enemy_1.uexp" 772
"C:/Users/kruch/UnrealProjects/FS/Content/Main/MainGame/Enemies/Tasks/BTT_Attack.uasset" 773
"C:/Users/kruch/UnrealProjects/FS/Content/Main/MainGame/Enemies/Tasks/BTT_Attack.uexp" 774
"C:/Users/kruch/UnrealProjects/FS/Content/Main/MainGame/Enemies/BT_Enemy_Melee.uasset" 775
"C:/Users/kruch/UnrealProjects/FS/Content/Main/MainGame/Enemies/BT_Enemy_Melee.uexp" 776
"C:/Users/kruch/UnrealProjects/FS/Content/Main/MainGame/Enemies/BP_Enemy_AI.uasset" 777
"C:/Users/kruch/UnrealProjects/FS/Content/Main/MainGame/Enemies/BP_Enemy_AI.uexp" 778
"C:/Users/kruch/UnrealProjects/FS/Content/Main/MainGame/Interfaces/BPI_FSGameMode.uasset" 779
"C:/Users/kruch/UnrealProjects/FS/Content/Main/MainGame/Interfaces/BPI_FSGameMode.uexp" 780
"C:/Users/kruch/UnrealProjects/FS/Content/Main/MainGame/Enemies/BP_EnemyBase.uasset" 781
"C:/Users/kruch/UnrealProjects/FS/Content/Main/MainGame/Enemies/BP_EnemyBase.uexp" 782
"C:/Users/kruch/UnrealProjects/FS/Content/Main/Inputs/IA_Reload.uasset" 783
"C:/Users/kruch/UnrealProjects/FS/Content/Main/Inputs/IA_Reload.uexp" 784
"C:/Users/kruch/UnrealProjects/FS/Content/Main/MainGame/Character/AS_FSCharacter.uasset" 785
"C:/Users/kruch/UnrealProjects/FS/Content/Main/MainGame/Character/AS_FSCharacter.uexp" 786
"C:/Users/kruch/UnrealProjects/FS/Content/Main/MainGame/Character/ABP_FSCharacter.uasset" 787
"C:/Users/kruch/UnrealProjects/FS/Content/Main/MainGame/Character/ABP_FSCharacter.uexp" 788
"C:/Users/kruch/UnrealProjects/FS/Content/Main/Inputs/IA_SelectFirstWeapon.uasset" 789
"C:/Users/kruch/UnrealProjects/FS/Content/Main/Inputs/IA_SelectFirstWeapon.uexp" 790
"C:/Users/kruch/UnrealProjects/FS/Content/Main/Data/DT_Enemy.uasset" 791
"C:/Users/kruch/UnrealProjects/FS/Content/Main/Data/DT_Enemy.uexp" 792
"C:/Users/kruch/UnrealProjects/FS/Content/Main/Inputs/IA_MoveRight.uasset" 793
"C:/Users/kruch/UnrealProjects/FS/Content/Main/Inputs/IA_MoveRight.uexp" 794
"C:/Users/kruch/UnrealProjects/FS/Content/Main/Inputs/IA_Dash.uasset" 795
"C:/Users/kruch/UnrealProjects/FS/Content/Main/Inputs/IA_Dash.uexp" 796
"C:/Users/kruch/UnrealProjects/FS/Content/Main/Textures/T_TestBackground.uasset" 797
"C:/Users/kruch/UnrealProjects/FS/Content/Main/Textures/T_TestBackground.uexp" 798
"C:/Users/kruch/UnrealProjects/FS/Content/Main/Textures/T_TestBackground_Sprite.uasset" 799
"C:/Users/kruch/UnrealProjects/FS/Content/Main/Textures/T_TestBackground_Sprite.uexp" 800
"C:/Users/kruch/UnrealProjects/FS/Content/Main/Textures/T_TestBackground_Flipbook.uasset" 801
"C:/Users/kruch/UnrealProjects/FS/Content/Main/Textures/T_TestBackground_Flipbook.uexp" 802
"C:/Users/kruch/UnrealProjects/FS/Content/Main/UI/WBP_Reload.uasset" 803
"C:/Users/kruch/UnrealProjects/FS/Content/Main/UI/WBP_Reload.uexp" 804
"C:/Users/kruch/UnrealProjects/FS/Content/Main/Inputs/IA_Jump.uasset" 805
"C:/Users/kruch/UnrealProjects/FS/Content/Main/Inputs/IA_Jump.uexp" 806
"C:/Users/kruch/UnrealProjects/FS/Content/Main/Inputs/IA_PauseGame.uasset" 807
"C:/Users/kruch/UnrealProjects/FS/Content/Main/Inputs/IA_PauseGame.uexp" 808
"C:/Users/kruch/UnrealProjects/FS/Content/Main/Inputs/IA_WeaponScroll.uasset" 809
"C:/Users/kruch/UnrealProjects/FS/Content/Main/Inputs/IA_WeaponScroll.uexp" 810
"C:/Users/kruch/UnrealProjects/FS/Content/Main/Inputs/IMC_Default.uasset" 811
"C:/Users/kruch/UnrealProjects/FS/Content/Main/Inputs/IMC_Default.uexp" 812
"C:/Users/kruch/UnrealProjects/FS/Content/Main/MainGame/Character/BP_FSCharacter.uasset" 813
"C:/Users/kruch/UnrealProjects/FS/Content/Main/MainGame/Character/BP_FSCharacter.uexp" 814
"C:/Users/kruch/UnrealProjects/FS/Content/Main/MainGame/Character/BP_FSPlayerState.uasset" 815
"C:/Users/kruch/UnrealProjects/FS/Content/Main/MainGame/Character/BP_FSPlayerState.uexp" 816
"C:/Users/kruch/UnrealProjects/FS/Content/Main/MainGame/Interfaces/BPI_FSPlayerState.uasset" 817
"C:/Users/kruch/UnrealProjects/FS/Content/Main/MainGame/Interfaces/BPI_FSPlayerState.uexp" 818
"C:/Users/kruch/UnrealProjects/FS/Content/Main/MainGame/Character/BP_CameraManager.uasset" 819
"C:/Users/kruch/UnrealProjects/FS/Content/Main/MainGame/Character/BP_CameraManager.uexp" 820
"C:/Users/kruch/UnrealProjects/FS/Content/Main/MainGame/Abilities/BP_AbilityBase.uasset" 821
"C:/Users/kruch/UnrealProjects/FS/Content/Main/MainGame/Abilities/BP_AbilityBase.uexp" 822
"C:/Users/kruch/UnrealProjects/FS/Content/Main/UI/WBP_AblilitySlot.uasset" 823
"C:/Users/kruch/UnrealProjects/FS/Content/Main/UI/WBP_AblilitySlot.uexp" 824
"C:/Users/kruch/UnrealProjects/FS/Content/Main/Data/SAbilities.uasset" 825
"C:/Users/kruch/UnrealProjects/FS/Content/Main/Data/SAbilities.uexp" 826
"C:/Users/kruch/UnrealProjects/FS/Content/Main/Textures/hearts.uasset" 827
"C:/Users/kruch/UnrealProjects/FS/Content/Main/Textures/hearts.uexp" 828
"C:/Users/kruch/UnrealProjects/FS/Content/Main/MainGame/Abilities/BP_Ability_HP.uasset" 829
"C:/Users/kruch/UnrealProjects/FS/Content/Main/MainGame/Abilities/BP_Ability_HP.uexp" 830
"C:/Users/kruch/UnrealProjects/FS/Content/Main/MainGame/Abilities/BP_Ability_BaseDamage.uasset" 831
"C:/Users/kruch/UnrealProjects/FS/Content/Main/MainGame/Abilities/BP_Ability_BaseDamage.uexp" 832
"C:/Users/kruch/UnrealProjects/FS/Content/Main/MainGame/Abilities/BP_Ability_BaseDamage_Automate.uasset" 833
"C:/Users/kruch/UnrealProjects/FS/Content/Main/MainGame/Abilities/BP_Ability_BaseDamage_Automate.uexp" 834
"C:/Users/kruch/UnrealProjects/FS/Content/Main/MainGame/Abilities/BP_Ability_BaseDamage_Uzi.uasset" 835
"C:/Users/kruch/UnrealProjects/FS/Content/Main/MainGame/Abilities/BP_Ability_BaseDamage_Uzi.uexp" 836
"C:/Users/kruch/UnrealProjects/FS/Content/Main/MainGame/Abilities/BP_Ability_Jump.uasset" 837
"C:/Users/kruch/UnrealProjects/FS/Content/Main/MainGame/Abilities/BP_Ability_Jump.uexp" 838
"C:/Users/kruch/UnrealProjects/FS/Content/Main/MainGame/Abilities/BP_Ability_Speed.uasset" 839
"C:/Users/kruch/UnrealProjects/FS/Content/Main/MainGame/Abilities/BP_Ability_Speed.uexp" 840
"C:/Users/kruch/UnrealProjects/FS/Content/Main/MainGame/Abilities/BP_Ability_BaseDamage_Pistol.uasset" 841
"C:/Users/kruch/UnrealProjects/FS/Content/Main/MainGame/Abilities/BP_Ability_BaseDamage_Pistol.uexp" 842
"C:/Users/kruch/UnrealProjects/FS/Content/Main/MainGame/Abilities/BP_Ability_Dash.uasset" 843
"C:/Users/kruch/UnrealProjects/FS/Content/Main/MainGame/Abilities/BP_Ability_Dash.uexp" 844
"C:/Users/kruch/UnrealProjects/FS/Content/Main/Data/DT_Abilities.uasset" 845
"C:/Users/kruch/UnrealProjects/FS/Content/Main/Data/DT_Abilities.uexp" 846
"C:/Users/kruch/UnrealProjects/FS/Content/Main/UI/WBP_DeadScreen.uasset" 847
"C:/Users/kruch/UnrealProjects/FS/Content/Main/UI/WBP_DeadScreen.uexp" 848
"C:/Users/kruch/UnrealProjects/FS/Content/Main/UI/WBP_KeyTab.uasset" 849
"C:/Users/kruch/UnrealProjects/FS/Content/Main/UI/WBP_KeyTab.uexp" 850
"C:/Users/kruch/UnrealProjects/FS/Content/Main/Textures/UI/T_SolidColor.uasset" 851
"C:/Users/kruch/UnrealProjects/FS/Content/Main/Textures/UI/T_SolidColor.uexp" 852
"C:/Users/kruch/UnrealProjects/FS/Content/Main/Textures/UI/T_Circle.uasset" 853
"C:/Users/kruch/UnrealProjects/FS/Content/Main/Textures/UI/T_Circle.uexp" 854
"C:/Users/kruch/UnrealProjects/FS/Content/Main/UI/WBP_Settings.uasset" 855
"C:/Users/kruch/UnrealProjects/FS/Content/Main/UI/WBP_Settings.uexp" 856
"C:/Users/kruch/UnrealProjects/FS/Content/Main/UI/WBP_Pause.uasset" 857
"C:/Users/kruch/UnrealProjects/FS/Content/Main/UI/WBP_Pause.uexp" 858
"C:/Users/kruch/UnrealProjects/FS/Content/Main/UI/WBP_Score.uasset" 859
"C:/Users/kruch/UnrealProjects/FS/Content/Main/UI/WBP_Score.uexp" 860
"C:/Users/kruch/UnrealProjects/FS/Content/Main/UI/WBP_Heatlh.uasset" 861
"C:/Users/kruch/UnrealProjects/FS/Content/Main/UI/WBP_Heatlh.uexp" 862
"C:/Users/kruch/UnrealProjects/FS/Content/Main/UI/WBP_Ammo.uasset" 863
"C:/Users/kruch/UnrealProjects/FS/Content/Main/UI/WBP_Ammo.uexp" 864
"C:/Users/kruch/UnrealProjects/FS/Content/Main/UI/WBP_MainHUD.uasset" 865
"C:/Users/kruch/UnrealProjects/FS/Content/Main/UI/WBP_MainHUD.uexp" 866
"C:/Users/kruch/UnrealProjects/FS/Content/Main/MainGame/BP_FSHUD.uasset" 867
"C:/Users/kruch/UnrealProjects/FS/Content/Main/MainGame/BP_FSHUD.uexp" 868
"C:/Users/kruch/UnrealProjects/FS/Content/Main/MainGame/Interfaces/BPI_FSHUD.uasset" 869
"C:/Users/kruch/UnrealProjects/FS/Content/Main/MainGame/Interfaces/BPI_FSHUD.uexp" 870
"C:/Users/kruch/UnrealProjects/FS/Content/Main/MainGame/World/BP_Background.uasset" 871
"C:/Users/kruch/UnrealProjects/FS/Content/Main/MainGame/World/BP_Background.uexp" 872
"C:/Users/kruch/UnrealProjects/FS/Content/Main/Sound/Music/A_Death.ubulk" 873
"C:/Users/kruch/UnrealProjects/FS/Content/Main/Sound/Music/A_Death.uasset" 874
"C:/Users/kruch/UnrealProjects/FS/Content/Main/Sound/Music/A_Death.uexp" 875
"C:/Users/kruch/UnrealProjects/FS/Content/Main/Sound/Music/A_Death_Cue.uasset" 876
"C:/Users/kruch/UnrealProjects/FS/Content/Main/Sound/Music/A_Death_Cue.uexp" 877
"C:/Users/kruch/UnrealProjects/FS/Content/Main/Sound/Music/A_Battle_1.ubulk" 878
"C:/Users/kruch/UnrealProjects/FS/Content/Main/Sound/Music/A_Battle_1.uasset" 879
"C:/Users/kruch/UnrealProjects/FS/Content/Main/Sound/Music/A_Battle_1.uexp" 880
"C:/Users/kruch/UnrealProjects/FS/Content/Main/Sound/Music/A_Battle_2.ubulk" 881
"C:/Users/kruch/UnrealProjects/FS/Content/Main/Sound/Music/A_Battle_2.uasset" 882
"C:/Users/kruch/UnrealProjects/FS/Content/Main/Sound/Music/A_Battle_2.uexp" 883
"C:/Users/kruch/UnrealProjects/FS/Content/Main/Sound/Music/A_Battle_3.ubulk" 884
"C:/Users/kruch/UnrealProjects/FS/Content/Main/Sound/Music/A_Battle_3.uasset" 885
"C:/Users/kruch/UnrealProjects/FS/Content/Main/Sound/Music/A_Battle_3.uexp" 886
"C:/Users/kruch/UnrealProjects/FS/Content/Main/Sound/Music/A_Battle_Cue.uasset" 887
"C:/Users/kruch/UnrealProjects/FS/Content/Main/Sound/Music/A_Battle_Cue.uexp" 888
"C:/Users/kruch/UnrealProjects/FS/Content/Main/MainGame/World/BP_MusicManager.uasset" 889
"C:/Users/kruch/UnrealProjects/FS/Content/Main/MainGame/World/BP_MusicManager.uexp" 890
"C:/Users/kruch/UnrealProjects/FS/Content/Main/MainGame/Character/BP_FSPlayerController.uasset" 891
"C:/Users/kruch/UnrealProjects/FS/Content/Main/MainGame/Character/BP_FSPlayerController.uexp" 892
"C:/Users/kruch/UnrealProjects/FS/Content/Main/MainGame/Enemies/Enemy_1/Textures/Idle.uasset" 893
"C:/Users/kruch/UnrealProjects/FS/Content/Main/MainGame/Enemies/Enemy_1/Textures/Idle.uexp" 894
"C:/Users/kruch/UnrealProjects/FS/Content/Main/MainGame/Enemies/Enemy_1/Textures/Idle_Sprite_0.uasset" 895
"C:/Users/kruch/UnrealProjects/FS/Content/Main/MainGame/Enemies/Enemy_1/Textures/Idle_Sprite_0.uexp" 896
"C:/Users/kruch/UnrealProjects/FS/Content/Main/MainGame/Enemies/Enemy_1/Textures/Idle_Sprite_1.uasset" 897
"C:/Users/kruch/UnrealProjects/FS/Content/Main/MainGame/Enemies/Enemy_1/Textures/Idle_Sprite_1.uexp" 898
"C:/Users/kruch/UnrealProjects/FS/Content/Main/MainGame/Enemies/Enemy_1/Textures/Idle_Sprite_2.uasset" 899
"C:/Users/kruch/UnrealProjects/FS/Content/Main/MainGame/Enemies/Enemy_1/Textures/Idle_Sprite_2.uexp" 900
"C:/Users/kruch/UnrealProjects/FS/Content/Main/MainGame/Enemies/Enemy_1/Textures/Idle_Sprite_3.uasset" 901
"C:/Users/kruch/UnrealProjects/FS/Content/Main/MainGame/Enemies/Enemy_1/Textures/Idle_Sprite_3.uexp" 902
"C:/Users/kruch/UnrealProjects/FS/Content/Main/MainGame/Enemies/Enemy_1/Textures/Idle1.uasset" 903
"C:/Users/kruch/UnrealProjects/FS/Content/Main/MainGame/Enemies/Enemy_1/Textures/Idle1.uexp" 904
"C:/Users/kruch/UnrealProjects/FS/Content/Main/MainGame/EnemyWeapons/BP_EnemyWeapon_Melee.uasset" 905
"C:/Users/kruch/UnrealProjects/FS/Content/Main/MainGame/EnemyWeapons/BP_EnemyWeapon_Melee.uexp" 906
"C:/Users/kruch/UnrealProjects/FS/Content/Main/MainGame/Enemies/Enemy_1/Textures/Attack.uasset" 907
"C:/Users/kruch/UnrealProjects/FS/Content/Main/MainGame/Enemies/Enemy_1/Textures/Attack.uexp" 908
"C:/Users/kruch/UnrealProjects/FS/Content/Main/MainGame/Enemies/Enemy_1/Textures/Attack_Sprite_0.uasset" 909
"C:/Users/kruch/UnrealProjects/FS/Content/Main/MainGame/Enemies/Enemy_1/Textures/Attack_Sprite_0.uexp" 910
"C:/Users/kruch/UnrealProjects/FS/Content/Main/MainGame/Enemies/Enemy_1/Textures/Attack_Sprite_1.uasset" 911
"C:/Users/kruch/UnrealProjects/FS/Content/Main/MainGame/Enemies/Enemy_1/Textures/Attack_Sprite_1.uexp" 912
"C:/Users/kruch/UnrealProjects/FS/Content/Main/MainGame/Enemies/Enemy_1/Textures/Attack_Sprite_2.uasset" 913
"C:/Users/kruch/UnrealProjects/FS/Content/Main/MainGame/Enemies/Enemy_1/Textures/Attack_Sprite_2.uexp" 914
"C:/Users/kruch/UnrealProjects/FS/Content/Main/MainGame/Enemies/Enemy_1/Textures/Attack_Sprite_3.uasset" 915
"C:/Users/kruch/UnrealProjects/FS/Content/Main/MainGame/Enemies/Enemy_1/Textures/Attack_Sprite_3.uexp" 916
"C:/Users/kruch/UnrealProjects/FS/Content/Main/MainGame/Enemies/Enemy_1/Textures/Attack1.uasset" 917
"C:/Users/kruch/UnrealProjects/FS/Content/Main/MainGame/Enemies/Enemy_1/Textures/Attack1.uexp" 918
"C:/Users/kruch/UnrealProjects/FS/Content/Main/MainGame/Enemies/Enemy_1/AS_Enemy_1.uasset" 919
"C:/Users/kruch/UnrealProjects/FS/Content/Main/MainGame/Enemies/Enemy_1/AS_Enemy_1.uexp" 920
"C:/Users/kruch/UnrealProjects/FS/Content/Main/MainGame/Enemies/Enemy_1/AnimSequences/Attack.uasset" 921
"C:/Users/kruch/UnrealProjects/FS/Content/Main/MainGame/Enemies/Enemy_1/AnimSequences/Attack.uexp" 922
"C:/Users/kruch/UnrealProjects/FS/Content/Main/MainGame/Enemies/Enemy_1/AnimSequences/Idle.uasset" 923
"C:/Users/kruch/UnrealProjects/FS/Content/Main/MainGame/Enemies/Enemy_1/AnimSequences/Idle.uexp" 924
"C:/Users/kruch/UnrealProjects/FS/Content/Main/MainGame/Enemies/Enemy_1/Textures/Walk.uasset" 925
"C:/Users/kruch/UnrealProjects/FS/Content/Main/MainGame/Enemies/Enemy_1/Textures/Walk.uexp" 926
"C:/Users/kruch/UnrealProjects/FS/Content/Main/MainGame/Enemies/Enemy_1/Textures/Walk_Sprite_0.uasset" 927
"C:/Users/kruch/UnrealProjects/FS/Content/Main/MainGame/Enemies/Enemy_1/Textures/Walk_Sprite_0.uexp" 928
"C:/Users/kruch/UnrealProjects/FS/Content/Main/MainGame/Enemies/Enemy_1/Textures/Walk_Sprite_1.uasset" 929
"C:/Users/kruch/UnrealProjects/FS/Content/Main/MainGame/Enemies/Enemy_1/Textures/Walk_Sprite_1.uexp" 930
"C:/Users/kruch/UnrealProjects/FS/Content/Main/MainGame/Enemies/Enemy_1/Textures/Walk_Sprite_2.uasset" 931
"C:/Users/kruch/UnrealProjects/FS/Content/Main/MainGame/Enemies/Enemy_1/Textures/Walk_Sprite_2.uexp" 932
"C:/Users/kruch/UnrealProjects/FS/Content/Main/MainGame/Enemies/Enemy_1/Textures/Walk_Sprite_3.uasset" 933
"C:/Users/kruch/UnrealProjects/FS/Content/Main/MainGame/Enemies/Enemy_1/Textures/Walk_Sprite_3.uexp" 934
"C:/Users/kruch/UnrealProjects/FS/Content/Main/MainGame/Enemies/Enemy_1/Textures/Walk1.uasset" 935
"C:/Users/kruch/UnrealProjects/FS/Content/Main/MainGame/Enemies/Enemy_1/Textures/Walk1.uexp" 936
"C:/Users/kruch/UnrealProjects/FS/Content/Main/MainGame/Enemies/Enemy_1/AnimSequences/Walk.uasset" 937
"C:/Users/kruch/UnrealProjects/FS/Content/Main/MainGame/Enemies/Enemy_1/AnimSequences/Walk.uexp" 938
"C:/Users/kruch/UnrealProjects/FS/Content/Main/MainGame/Enemies/Enemy_1/ABP_Enemy_1.uasset" 939
"C:/Users/kruch/UnrealProjects/FS/Content/Main/MainGame/Enemies/Enemy_1/ABP_Enemy_1.uexp" 940
"C:/Users/kruch/UnrealProjects/FS/Content/Main/MainGame/Enemies/Tasks/BTT_CheckDistance.uasset" 941
"C:/Users/kruch/UnrealProjects/FS/Content/Main/MainGame/Enemies/Tasks/BTT_CheckDistance.uexp" 942
"C:/Users/kruch/UnrealProjects/FS/Content/Main/MainGame/Enemies/BT_Enemy_Firearm.uasset" 943
"C:/Users/kruch/UnrealProjects/FS/Content/Main/MainGame/Enemies/BT_Enemy_Firearm.uexp" 944
"C:/Users/kruch/UnrealProjects/FS/Content/Main/MainGame/World/BP_Projectile_Enemy.uasset" 945
"C:/Users/kruch/UnrealProjects/FS/Content/Main/MainGame/World/BP_Projectile_Enemy.uexp" 946
"C:/Users/kruch/UnrealProjects/FS/Content/Main/MainGame/EnemyWeapons/BP_EnemyWeapon_Firearm.uasset" 947
"C:/Users/kruch/UnrealProjects/FS/Content/Main/MainGame/EnemyWeapons/BP_EnemyWeapon_Firearm.uexp" 948
"C:/Users/kruch/UnrealProjects/FS/Content/Main/MainGame/Enemies/BP_Enemy_Firearm.uasset" 949
"C:/Users/kruch/UnrealProjects/FS/Content/Main/MainGame/Enemies/BP_Enemy_Firearm.uexp" 950
"C:/Users/kruch/UnrealProjects/FS/Content/Main/MainGame/Enemies/Enemy_1/BP_Enemy_1_AI.uasset" 951
"C:/Users/kruch/UnrealProjects/FS/Content/Main/MainGame/Enemies/Enemy_1/BP_Enemy_1_AI.uexp" 952
"C:/Users/kruch/UnrealProjects/FS/Content/Main/MainGame/Enemies/BP_EnemyMelee.uasset" 953
"C:/Users/kruch/UnrealProjects/FS/Content/Main/MainGame/Enemies/BP_EnemyMelee.uexp" 954
"C:/Users/kruch/UnrealProjects/FS/Content/Main/MainGame/Enemies/Enemy_1/BP_Enemy_1.uasset" 955
"C:/Users/kruch/UnrealProjects/FS/Content/Main/MainGame/Enemies/Enemy_1/BP_Enemy_1.uexp" 956
"C:/Users/kruch/UnrealProjects/FS/Content/Main/Data/SEnemy.uasset" 957
"C:/Users/kruch/UnrealProjects/FS/Content/Main/Data/SEnemy.uexp" 958
"C:/Users/kruch/UnrealProjects/FS/Content/Main/MainGame/Enemies/Enemy_3/T_Explosion_1.ubulk" 959
"C:/Users/kruch/UnrealProjects/FS/Content/Main/MainGame/Enemies/Enemy_3/T_Explosion_1.uasset" 960
"C:/Users/kruch/UnrealProjects/FS/Content/Main/MainGame/Enemies/Enemy_3/T_Explosion_1.uexp" 961
"C:/Users/kruch/UnrealProjects/FS/Content/Main/MainGame/Enemies/Enemy_3/T_Explosion_1_Sprite_0.uasset" 962
"C:/Users/kruch/UnrealProjects/FS/Content/Main/MainGame/Enemies/Enemy_3/T_Explosion_1_Sprite_0.uexp" 963
"C:/Users/kruch/UnrealProjects/FS/Content/Main/MainGame/Enemies/Enemy_3/T_Explosion_1_Sprite_1.uasset" 964
"C:/Users/kruch/UnrealProjects/FS/Content/Main/MainGame/Enemies/Enemy_3/T_Explosion_1_Sprite_1.uexp" 965
"C:/Users/kruch/UnrealProjects/FS/Content/Main/MainGame/Enemies/Enemy_3/T_Explosion_1_Sprite_2.uasset" 966
"C:/Users/kruch/UnrealProjects/FS/Content/Main/MainGame/Enemies/Enemy_3/T_Explosion_1_Sprite_2.uexp" 967
"C:/Users/kruch/UnrealProjects/FS/Content/Main/MainGame/Enemies/Enemy_3/T_Explosion_1_Sprite_3.uasset" 968
"C:/Users/kruch/UnrealProjects/FS/Content/Main/MainGame/Enemies/Enemy_3/T_Explosion_1_Sprite_3.uexp" 969
"C:/Users/kruch/UnrealProjects/FS/Content/Main/MainGame/Enemies/Enemy_3/T_Explosion_1_Sprite_4.uasset" 970
"C:/Users/kruch/UnrealProjects/FS/Content/Main/MainGame/Enemies/Enemy_3/T_Explosion_1_Sprite_4.uexp" 971
"C:/Users/kruch/UnrealProjects/FS/Content/Main/MainGame/Enemies/Enemy_3/T_Explosion_1_Sprite_5.uasset" 972
"C:/Users/kruch/UnrealProjects/FS/Content/Main/MainGame/Enemies/Enemy_3/T_Explosion_1_Sprite_5.uexp" 973
"C:/Users/kruch/UnrealProjects/FS/Content/Main/MainGame/Enemies/Enemy_3/T_Explosion_1_Sprite_6.uasset" 974
"C:/Users/kruch/UnrealProjects/FS/Content/Main/MainGame/Enemies/Enemy_3/T_Explosion_1_Sprite_6.uexp" 975
"C:/Users/kruch/UnrealProjects/FS/Content/Main/MainGame/Enemies/Enemy_3/T_Explosion_1_Sprite_7.uasset" 976
"C:/Users/kruch/UnrealProjects/FS/Content/Main/MainGame/Enemies/Enemy_3/T_Explosion_1_Sprite_7.uexp" 977
"C:/Users/kruch/UnrealProjects/FS/Content/Main/MainGame/Enemies/Enemy_3/T_Explosion_1_Sprite_8.uasset" 978
"C:/Users/kruch/UnrealProjects/FS/Content/Main/MainGame/Enemies/Enemy_3/T_Explosion_1_Sprite_8.uexp" 979
"C:/Users/kruch/UnrealProjects/FS/Content/Main/MainGame/Enemies/Enemy_3/T_Explosion_1_Sprite_9.uasset" 980
"C:/Users/kruch/UnrealProjects/FS/Content/Main/MainGame/Enemies/Enemy_3/T_Explosion_1_Sprite_9.uexp" 981
"C:/Users/kruch/UnrealProjects/FS/Content/Main/MainGame/Enemies/Enemy_3/T_Explosion_1_Sprite_10.uasset" 982
"C:/Users/kruch/UnrealProjects/FS/Content/Main/MainGame/Enemies/Enemy_3/T_Explosion_1_Sprite_10.uexp" 983
"C:/Users/kruch/UnrealProjects/FS/Content/Main/MainGame/Enemies/Enemy_3/T_Explosion_1_Sprite_11.uasset" 984
"C:/Users/kruch/UnrealProjects/FS/Content/Main/MainGame/Enemies/Enemy_3/T_Explosion_1_Sprite_11.uexp" 985
"C:/Users/kruch/UnrealProjects/FS/Content/Main/MainGame/Enemies/Enemy_3/T_Explosion_1_Sprite_12.uasset" 986
"C:/Users/kruch/UnrealProjects/FS/Content/Main/MainGame/Enemies/Enemy_3/T_Explosion_1_Sprite_12.uexp" 987
"C:/Users/kruch/UnrealProjects/FS/Content/Main/MainGame/Enemies/Enemy_3/T_Explosion_1_Sprite_13.uasset" 988
"C:/Users/kruch/UnrealProjects/FS/Content/Main/MainGame/Enemies/Enemy_3/T_Explosion_1_Sprite_13.uexp" 989
"C:/Users/kruch/UnrealProjects/FS/Content/Main/MainGame/Enemies/Enemy_3/T_Explosion_1_Sprite_14.uasset" 990
"C:/Users/kruch/UnrealProjects/FS/Content/Main/MainGame/Enemies/Enemy_3/T_Explosion_1_Sprite_14.uexp" 991
"C:/Users/kruch/UnrealProjects/FS/Content/Main/MainGame/Enemies/Enemy_3/T_Explosion_1_Sprite_15.uasset" 992
"C:/Users/kruch/UnrealProjects/FS/Content/Main/MainGame/Enemies/Enemy_3/T_Explosion_1_Sprite_15.uexp" 993
"C:/Users/kruch/UnrealProjects/FS/Content/Main/MainGame/Enemies/Enemy_3/PF_Explosion_1.uasset" 994
"C:/Users/kruch/UnrealProjects/FS/Content/Main/MainGame/Enemies/Enemy_3/PF_Explosion_1.uexp" 995
"C:/Users/kruch/UnrealProjects/FS/Content/Main/MainGame/EnemyWeapons/BP_EnemyWeapon_Explosion.uasset" 996
"C:/Users/kruch/UnrealProjects/FS/Content/Main/MainGame/EnemyWeapons/BP_EnemyWeapon_Explosion.uexp" 997
"C:/Users/kruch/UnrealProjects/FS/Content/Main/MainGame/Enemies/Enemy_3/T_Walk.uasset" 998
"C:/Users/kruch/UnrealProjects/FS/Content/Main/MainGame/Enemies/Enemy_3/T_Walk.uexp" 999
"C:/Users/kruch/UnrealProjects/FS/Content/Main/MainGame/Enemies/Enemy_3/T_Walk_Sprite_0.uasset" 1000
"C:/Users/kruch/UnrealProjects/FS/Content/Main/MainGame/Enemies/Enemy_3/T_Walk_Sprite_0.uexp" 1001
"C:/Users/kruch/UnrealProjects/FS/Content/Main/MainGame/Enemies/Enemy_3/T_Walk_Sprite_1.uasset" 1002
"C:/Users/kruch/UnrealProjects/FS/Content/Main/MainGame/Enemies/Enemy_3/T_Walk_Sprite_1.uexp" 1003
"C:/Users/kruch/UnrealProjects/FS/Content/Main/MainGame/Enemies/Enemy_3/T_Walk_Sprite_2.uasset" 1004
"C:/Users/kruch/UnrealProjects/FS/Content/Main/MainGame/Enemies/Enemy_3/T_Walk_Sprite_2.uexp" 1005
"C:/Users/kruch/UnrealProjects/FS/Content/Main/MainGame/Enemies/Enemy_3/T_Walk_Sprite_3.uasset" 1006
"C:/Users/kruch/UnrealProjects/FS/Content/Main/MainGame/Enemies/Enemy_3/T_Walk_Sprite_3.uexp" 1007
"C:/Users/kruch/UnrealProjects/FS/Content/Main/MainGame/Enemies/Enemy_3/PF_Walk_3.uasset" 1008
"C:/Users/kruch/UnrealProjects/FS/Content/Main/MainGame/Enemies/Enemy_3/PF_Walk_3.uexp" 1009
"C:/Users/kruch/UnrealProjects/FS/Content/Main/MainGame/Enemies/Enemy_3/BP_Enemy_3.uasset" 1010
"C:/Users/kruch/UnrealProjects/FS/Content/Main/MainGame/Enemies/Enemy_3/BP_Enemy_3.uexp" 1011
"C:/Users/kruch/UnrealProjects/FS/Content/Main/MainGame/Enemies/BP_Enemy_2.uasset" 1012
"C:/Users/kruch/UnrealProjects/FS/Content/Main/MainGame/Enemies/BP_Enemy_2.uexp" 1013
"C:/Users/kruch/UnrealProjects/FS/Content/Main/Data/DT_Enemies.uasset" 1014
"C:/Users/kruch/UnrealProjects/FS/Content/Main/Data/DT_Enemies.uexp" 1015
"C:/Users/kruch/UnrealProjects/FS/Content/Main/MainGame/Chest/guns.uasset" 1016
"C:/Users/kruch/UnrealProjects/FS/Content/Main/MainGame/Chest/guns.uexp" 1017
"C:/Users/kruch/UnrealProjects/FS/Content/Main/MainGame/Chest/Chest_1.uasset" 1018
"C:/Users/kruch/UnrealProjects/FS/Content/Main/MainGame/Chest/Chest_1.uexp" 1019
"C:/Users/kruch/UnrealProjects/FS/Content/Main/MainGame/Chest/chesets_open.uasset" 1020
"C:/Users/kruch/UnrealProjects/FS/Content/Main/MainGame/Chest/chesets_open.uexp" 1021
"C:/Users/kruch/UnrealProjects/FS/Content/Main/MainGame/Chest/Chest_1_Opened.uasset" 1022
"C:/Users/kruch/UnrealProjects/FS/Content/Main/MainGame/Chest/Chest_1_Opened.uexp" 1023
"../../../Engine/Plugins/2D/Paper2D/Content/TranslucentUnlitSpriteMaterial.uasset" 1024
"../../../Engine/Plugins/2D/Paper2D/Content/TranslucentUnlitSpriteMaterial.uexp" 1025
"C:/Users/kruch/UnrealProjects/FS/Content/Main/Textures/S_Heart.uasset" 1026
"C:/Users/kruch/UnrealProjects/FS/Content/Main/Textures/S_Heart.uexp" 1027
"C:/Users/kruch/UnrealProjects/FS/Content/Main/MainGame/Chest/ChestBuffs/BP_ChestBuff.uasset" 1028
"C:/Users/kruch/UnrealProjects/FS/Content/Main/MainGame/Chest/ChestBuffs/BP_ChestBuff.uexp" 1029
"C:/Users/kruch/UnrealProjects/FS/Content/Main/Data/SChestBuff.uasset" 1030
"C:/Users/kruch/UnrealProjects/FS/Content/Main/Data/SChestBuff.uexp" 1031
"C:/Users/kruch/UnrealProjects/FS/Content/Main/MainGame/Chest/ChestBuffs/BP_ChestBuff_Heal.uasset" 1032
"C:/Users/kruch/UnrealProjects/FS/Content/Main/MainGame/Chest/ChestBuffs/BP_ChestBuff_Heal.uexp" 1033
"C:/Users/kruch/UnrealProjects/FS/Content/Main/Textures/T_Shield.uasset" 1034
"C:/Users/kruch/UnrealProjects/FS/Content/Main/Textures/T_Shield.uexp" 1035
"C:/Users/kruch/UnrealProjects/FS/Content/Main/Textures/S_Shield.uasset" 1036
"C:/Users/kruch/UnrealProjects/FS/Content/Main/Textures/S_Shield.uexp" 1037
"C:/Users/kruch/UnrealProjects/FS/Content/Main/MainGame/Chest/ChestBuffs/BP_ChestBuff_Shield.uasset" 1038
"C:/Users/kruch/UnrealProjects/FS/Content/Main/MainGame/Chest/ChestBuffs/BP_ChestBuff_Shield.uexp" 1039
"C:/Users/kruch/UnrealProjects/FS/Content/Main/Data/DT_ChestBuffs.uasset" 1040
"C:/Users/kruch/UnrealProjects/FS/Content/Main/Data/DT_ChestBuffs.uexp" 1041
"C:/Users/kruch/UnrealProjects/FS/Content/Main/MainGame/Chest/BP_Chest.uasset" 1042
"C:/Users/kruch/UnrealProjects/FS/Content/Main/MainGame/Chest/BP_Chest.uexp" 1043
"C:/Users/kruch/UnrealProjects/FS/Content/Main/MainGame/Chest/BP_Chest_1.uasset" 1044
"C:/Users/kruch/UnrealProjects/FS/Content/Main/MainGame/Chest/BP_Chest_1.uexp" 1045
"C:/Users/kruch/UnrealProjects/FS/Content/Main/Textures/T_Platform.uasset" 1046
"C:/Users/kruch/UnrealProjects/FS/Content/Main/Textures/T_Platform.uexp" 1047
"C:/Users/kruch/UnrealProjects/FS/Content/Main/Textures/S_Platform.uasset" 1048
"C:/Users/kruch/UnrealProjects/FS/Content/Main/Textures/S_Platform.uexp" 1049
"C:/Users/kruch/UnrealProjects/FS/Content/Main/MainGame/World/BP_Platform.uasset" 1050
"C:/Users/kruch/UnrealProjects/FS/Content/Main/MainGame/World/BP_Platform.uexp" 1051
"C:/Users/kruch/UnrealProjects/FS/Content/Main/MainGame/BP_FSGameMode.uasset" 1052
"C:/Users/kruch/UnrealProjects/FS/Content/Main/MainGame/BP_FSGameMode.uexp" 1053
"C:/Users/kruch/UnrealProjects/FS/Content/Main/Levels/Test.uexp" 1054
"C:/Users/kruch/UnrealProjects/FS/Content/Main/Levels/Test.umap" 1055
"C:/Users/kruch/UnrealProjects/FS/Content/Main/UI/WBP_MainMenu.uasset" 1056
"C:/Users/kruch/UnrealProjects/FS/Content/Main/UI/WBP_MainMenu.uexp" 1057
"C:/Users/kruch/UnrealProjects/FS/Content/Main/MainMenu/BP_MainMenuHUD.uasset" 1058
"C:/Users/kruch/UnrealProjects/FS/Content/Main/MainMenu/BP_MainMenuHUD.uexp" 1059
"C:/Users/kruch/UnrealProjects/FS/Content/Main/MainMenu/BP_MainMenuGameMode.uasset" 1060
"C:/Users/kruch/UnrealProjects/FS/Content/Main/MainMenu/BP_MainMenuGameMode.uexp" 1061
"C:/Users/kruch/UnrealProjects/FS/Content/Main/Sound/Music/A_MainMenu.ubulk" 1062
"C:/Users/kruch/UnrealProjects/FS/Content/Main/Sound/Music/A_MainMenu.uasset" 1063
"C:/Users/kruch/UnrealProjects/FS/Content/Main/Sound/Music/A_MainMenu.uexp" 1064
"C:/Users/kruch/UnrealProjects/FS/Content/Main/Sound/Music/A_MainMenu_Cue.uasset" 1065
"C:/Users/kruch/UnrealProjects/FS/Content/Main/Sound/Music/A_MainMenu_Cue.uexp" 1066
"C:/Users/kruch/UnrealProjects/FS/Content/Main/Levels/MainMenu.uexp" 1067
"C:/Users/kruch/UnrealProjects/FS/Content/Main/Levels/MainMenu.umap" 1068
